This is pdfTeX, Version 3.14159265-2.6-1.40.15 (TeX Live 2014/Arch Linux) (preloaded format=latex 2015.6.22)  21 JUL 2015 09:41
entering extended mode
 restricted \write18 enabled.
 %&-line parsing enabled.
**../here.sty comimain.tex
(../here.sty
LaTeX2e <2014/05/01>
Babel <3.9l> and hyphenation patterns for 79 languages loaded.
) (/usr/share/texmf-dist/tex/latex/float/float.sty
Package: float 2001/11/08 v1.3d Float enhancements (AL)
\c@float@type=\count79
\float@exts=\toks14
\float@box=\box26
\@float@everytoks=\toks15
\@floatcapt=\box27
)

! LaTeX Error: Missing \begin{document}.

See the LaTeX manual or LaTeX Companion for explanation.
Type  H <return>  for immediate help.
 ...                                              
                                                  
<*> ../here.sty c
                 omimain.tex
? 
! Interruption.
\GenericError  ...                                
                                                  \endgroup 
<*> ../here.sty c
                 omimain.tex
? exit
Type <return> to proceed, S to scroll future error messages,
R to run without stopping, Q to run quietly,
I to insert something, 
H for help, X to quit.
? x
 
Here is how much of TeX's memory you used:
 70 strings out of 493110
 917 string characters out of 6140882
 52964 words of memory out of 5000000
 3629 multiletter control sequences out of 15000+600000
 3640 words of font info for 14 fonts, out of 8000000 for 9000
 1141 hyphenation exceptions out of 8191
 15i,0n,14p,105b,14s stack positions out of 5000i,500n,10000p,200000b,80000s
No pages of output.
