This is TeX, Version 3.14159265 (TeX Live 2014/Arch Linux) (preloaded format=tex 2015.6.22)  17 JUL 2015 16:14
**b002.tex
(./b002.tex
! Undefined control sequence.
l.2 \Version
            {PRMFCT}                     \Routid{B002}
? 
! Undefined control sequence.
l.2 \Version{PRMFCT}                     \Routid
                                                {B002}
? 
! Undefined control sequence.
l.3 \Keywords
             {PRIME FACTOR DECOMPOSITION}
? 
! Undefined control sequence.
l.4 \Author
           {K.S. K\"olbig}              \Library{MATHLIB}
? 
! Undefined control sequence.
l.4 \Author{K.S. K\"olbig}              \Library
                                                {MATHLIB}
? 
! Undefined control sequence.
l.5 \Submitter
              {}                        \Submitted{15.11.1995}
? 
! Undefined control sequence.
l.5 \Submitter{}                        \Submitted
                                                  {15.11.1995}
? 
! Undefined control sequence.
l.6 \Language
             {Fortran}               %  \Revised{}
? 
! Undefined control sequence.
l.7 \Cernhead
             {Prime Numbers and Prime Factor Decomposition}
? 
! Undefined control sequence.
l.9 \begin
          {itemize}
? 
[1] )
Output written on b002.dvi (1 page, 1424 bytes).
