Loading GUI...
Loading GUI...
2015-08-17 15:31:05,944 INFO Loading GUI...
2015-08-17 15:33:33,506 INFO Loading GUI...
2015-08-17 15:33:37,279 INFO selected: /home/antonio/projects/CERN/DataPreservation/aux.tex
2015-08-17 15:36:04,938 INFO Loading GUI...
2015-08-17 15:36:09,785 INFO Selected: /home/antonio/projects/CERN/DataPreservation/aux.tex
2015-08-17 15:37:22,816 INFO Loading GUI...
2015-08-17 15:37:26,657 INFO Selected: /home/antonio/projects/CERN/DataPreservation/aux.tex
2015-08-17 15:39:48,070 INFO Loading GUI...
2015-08-17 15:39:51,764 INFO Selected: /home/antonio/projects/CERN/DataPreservation/aux.tex
2015-08-18 10:38:15,405 INFO Loading GUI...
2015-08-18 10:59:33,640 INFO Loading GUI...
2015-08-18 11:00:09,826 INFO Loading GUI...
2015-08-18 11:17:19,190 INFO Loading GUI...
2015-08-18 11:17:33,699 INFO Loading GUI...
2015-08-18 11:17:47,407 INFO Loading GUI...
2015-08-18 11:18:23,579 INFO Loading GUI...
2015-08-18 11:19:49,842 INFO Loading GUI...
2015-08-18 11:23:25,248 INFO Loading GUI...
2015-08-18 11:23:42,045 INFO Loading GUI...
2015-08-18 11:24:45,505 INFO Loading GUI...
2015-08-18 11:25:17,028 INFO Loading GUI...
2015-08-18 11:25:22,277 INFO Selected: /home/antonio/projects/CERN/DataPreservation/aux.tex
2015-08-18 11:25:55,134 INFO Loading GUI...
2015-08-18 11:26:00,059 INFO Selected: /home/antonio/projects/CERN/DataPreservation/aux.tex
2015-08-18 11:31:14,061 INFO Loading GUI...
2015-08-18 14:51:30,351 INFO Loading GUI...
2015-08-18 14:52:10,059 INFO Loading GUI...
2015-08-18 14:52:12,701 INFO index
2015-08-18 14:52:17,245 INFO index
2015-08-18 14:52:17,980 INFO index
2015-08-18 14:52:39,744 INFO Loading GUI...
2015-08-18 14:52:41,365 INFO 1
2015-08-18 14:52:42,260 INFO 0
2015-08-18 14:52:43,116 INFO 1
2015-08-18 14:52:44,812 INFO 0
2015-08-18 14:52:45,332 INFO 1
2015-08-18 14:52:45,884 INFO 0
2015-08-18 14:52:46,316 INFO 1
2015-08-18 14:52:47,468 INFO 0
2015-08-18 14:52:47,804 INFO 1
2015-08-18 14:53:02,844 INFO Loading GUI...
2015-08-18 14:53:04,493 INFO 1
2015-08-18 14:53:05,772 INFO 0
2015-08-18 14:53:06,356 INFO 1
2015-08-18 14:53:06,804 INFO 0
2015-08-18 14:53:07,804 INFO 1
2015-08-18 14:54:08,494 INFO Loading GUI...
2015-08-18 14:54:10,565 DEBUG 1
2015-08-18 14:54:11,804 DEBUG 0
2015-08-18 14:54:12,860 DEBUG 1
2015-08-18 14:54:13,468 DEBUG 0
2015-08-18 14:54:14,132 DEBUG 1
2015-08-18 14:54:14,700 DEBUG 0
2015-08-18 14:54:35,163 INFO Loading GUI...
2015-08-18 14:54:37,765 DEBUG 1
2015-08-18 14:54:38,676 DEBUG 0
2015-08-18 14:54:39,324 DEBUG 1
2015-08-18 14:54:39,740 DEBUG 0
2015-08-18 14:54:40,180 DEBUG 1
2015-08-18 14:54:40,668 DEBUG 0
2015-08-18 14:54:41,148 DEBUG 1
2015-08-18 14:54:41,540 DEBUG 0
2015-08-18 14:54:42,044 DEBUG 1
2015-08-18 14:54:42,436 DEBUG 0
2015-08-18 14:54:43,020 DEBUG 1
2015-08-18 14:55:16,963 INFO Loading GUI...
2015-08-18 14:55:19,189 DEBUG 1
2015-08-18 14:55:20,124 DEBUG 0
2015-08-18 14:55:20,917 DEBUG 1
2015-08-18 14:55:21,844 DEBUG 0
2015-08-18 14:55:23,572 DEBUG 1
2015-08-18 14:55:26,076 DEBUG 0
2015-08-18 14:55:26,876 DEBUG 1
2015-08-18 14:55:27,324 DEBUG 0
2015-08-18 14:55:27,716 DEBUG 1
2015-08-18 14:55:28,076 DEBUG 0
2015-08-18 14:55:28,436 DEBUG 1
2015-08-18 14:55:28,820 DEBUG 0
2015-08-18 14:55:29,252 DEBUG 1
2015-08-18 15:42:59,232 INFO Loading GUI...
2015-08-18 15:43:24,125 INFO Loading GUI...
2015-08-18 15:43:26,527 DEBUG Selected tab: 1
2015-08-18 15:43:27,567 DEBUG Selected tab: 0
2015-08-18 15:43:28,239 DEBUG Selected tab: 1
2015-08-18 15:44:37,903 INFO Loading GUI...
2015-08-18 15:44:41,456 DEBUG Selected tab: 1
2015-08-18 15:44:47,424 INFO Selected: 
2015-08-18 15:46:43,581 INFO Loading GUI...
2015-08-18 15:46:45,640 DEBUG Selected tab: 1
2015-08-18 15:47:12,173 INFO Loading GUI...
2015-08-18 15:47:13,920 DEBUG Selected tab: 1
2015-08-18 15:48:12,567 INFO Loading GUI...
2015-08-18 15:48:13,912 DEBUG Selected tab: 1
2015-08-18 15:48:42,312 INFO Loading GUI...
2015-08-18 15:48:43,888 DEBUG Selected tab: 1
2015-08-18 15:48:49,138 INFO Selected: /home/antonio/projects/CERN/DataPreservation/aux.tex
2015-08-18 15:48:49,139 INFO Selected: /home/antonio/projects/CERN/DataPreservation/auxTools.py
2015-08-18 15:48:49,139 INFO Selected: /home/antonio/projects/CERN/DataPreservation/b100.html
2015-08-19 09:48:42,029 INFO Loading GUI...
2015-08-19 09:48:55,379 INFO Loading GUI...
2015-08-19 09:48:58,382 DEBUG Selected tab: 1
2015-08-19 09:48:59,721 DEBUG Selected tab: 0
2015-08-19 09:49:03,540 DEBUG Selected tab: 1
2015-08-19 09:49:10,529 DEBUG Selected tab: 0
2015-08-19 09:49:59,728 DEBUG Selected tab: 1
2015-08-19 09:50:01,556 DEBUG Selected tab: 0
2015-08-19 09:51:47,649 INFO Loading GUI...
2015-08-19 09:52:23,051 DEBUG Selected tab: 1
2015-08-19 09:52:35,216 DEBUG Selected tab: 0
2015-08-19 09:56:10,853 INFO Loading GUI...
2015-08-19 09:56:16,231 INFO Loading GUI...
2015-08-19 09:56:30,089 INFO Loading GUI...
2015-08-19 09:56:34,955 DEBUG Selected tab: 1
2015-08-19 09:56:36,053 DEBUG Selected tab: 0
2015-08-19 09:57:27,152 INFO Loading GUI...
2015-08-19 10:27:10,648 INFO Loading GUI...
2015-08-19 10:44:41,727 INFO Loading GUI...
2015-08-19 10:45:16,360 INFO Loading GUI...
2015-08-19 10:45:50,399 INFO Loading GUI...
2015-08-19 10:53:25,646 INFO Loading GUI...
2015-08-19 10:56:26,662 INFO Loading GUI...
2015-08-19 10:57:20,506 INFO Loading GUI...
2015-08-19 11:06:06,697 INFO Loading GUI...
2015-08-19 11:08:35,377 INFO Loading GUI...
2015-08-19 11:10:25,945 INFO Loading GUI...
2015-08-19 11:10:45,780 INFO Loading GUI...
2015-08-19 11:11:00,456 INFO Loading GUI...
2015-08-19 11:12:52,804 INFO Loading GUI...
2015-08-19 11:12:56,523 ERROR Error
2015-08-19 11:13:27,103 ERROR Error
2015-08-19 11:15:54,875 INFO Loading GUI...
2015-08-19 11:16:41,507 INFO Loading GUI...
2015-08-19 11:17:37,576 INFO Loading GUI...
2015-08-19 11:17:41,343 ERROR Errorname 'auxTools' is not defined
2015-08-19 11:18:46,782 INFO Loading GUI...
2015-08-19 11:19:34,711 INFO Loading GUI...
2015-08-19 11:20:47,914 INFO Loading GUI...
2015-08-19 11:20:51,702 INFO Parsing file /home/antonio/projects/CERN/DataPreservation/aux.tex from TeX
2015-08-19 11:21:24,773 INFO Parsing file /home/antonio/projects/CERN/DataPreservation/aux.tex from TeX
2015-08-19 11:21:29,590 INFO Loading GUI...
2015-08-19 11:21:33,526 INFO Parsing file /home/antonio/projects/CERN/DataPreservation/aux.tex from TeX
2015-08-19 11:21:55,996 INFO Loading GUI...
2015-08-19 11:22:00,063 INFO Parsing file /home/antonio/projects/CERN/DataPreservation/aux.tex from TeX
2015-08-19 11:22:00,066 DEBUG Si, es un WriteUp
2015-08-19 11:29:11,711 INFO Loading GUI...
2015-08-19 11:34:26,660 INFO Loading GUI...
2015-08-19 11:34:47,768 INFO Parsing file /home/antonio/projects/CERN/ShortWriteUps/b002.tex from TeX
2015-08-19 11:34:47,800 DEBUG Si, es un WriteUp
2015-08-19 13:19:46,506 INFO Loading GUI...
2015-08-19 13:21:48,446 INFO Loading GUI...
2015-08-19 13:22:04,362 INFO Loading GUI...
2015-08-19 13:25:32,615 INFO Loading GUI...
2015-08-19 13:25:49,282 INFO Loading GUI...
2015-08-19 13:26:19,720 INFO Loading GUI...
2015-08-19 13:27:02,535 INFO Loading GUI...
2015-08-19 13:27:44,108 INFO Loading GUI...
2015-08-19 13:29:23,672 INFO Loading GUI...
2015-08-19 13:29:50,127 INFO Loading GUI...
2015-08-19 13:37:21,306 INFO Parsing file /home/antonio/projects/CERN/DataPreservation/aux.tex from TeX
2015-08-19 13:37:21,342 DEBUG Si, es un WriteUp
2015-08-19 13:42:25,418 INFO Parsing file /home/antonio/projects/CERN/DataPreservation/aux.tex from TeX
2015-08-19 13:42:25,422 DEBUG Si, es un WriteUp
2015-08-19 13:43:08,378 INFO Parsing file /home/antonio/projects/CERN/DataPreservation/aux.tex from TeX
2015-08-19 13:43:08,382 DEBUG Si, es un WriteUp
2015-08-19 13:45:46,218 INFO Parsing file /home/antonio/projects/CERN/DataPreservation/aux.tex from TeX
2015-08-19 13:45:46,223 DEBUG Si, es un WriteUp
2015-08-19 13:46:20,770 INFO Parsing file /home/antonio/projects/CERN/DataPreservation/aux.tex from TeX
2015-08-19 13:46:20,775 DEBUG Si, es un WriteUp
2015-08-19 13:46:58,866 INFO Parsing file /home/antonio/projects/CERN/DataPreservation/aux.tex from TeX
2015-08-19 13:46:58,870 DEBUG Si, es un WriteUp
2015-08-19 13:47:46,730 INFO Parsing file /home/antonio/projects/CERN/DataPreservation/aux.tex from TeX
2015-08-19 13:47:46,734 DEBUG Si, es un WriteUp
2015-08-19 13:48:14,498 INFO Parsing file /home/antonio/projects/CERN/DataPreservation/aux.tex from TeX
2015-08-19 13:48:14,502 DEBUG Si, es un WriteUp
2015-08-19 13:49:29,906 INFO Parsing file /home/antonio/projects/CERN/DataPreservation/aux.tex from TeX
2015-08-19 13:49:29,909 DEBUG Si, es un WriteUp
2015-08-19 13:51:44,442 INFO Parsing file /home/antonio/projects/CERN/DataPreservation/aux.tex from TeX
2015-08-19 13:51:44,445 DEBUG Si, es un WriteUp
2015-08-19 13:53:38,291 INFO Parsing file aux.tex from TeX
2015-08-19 13:53:38,294 DEBUG Si, es un WriteUp
2015-08-19 13:54:23,251 INFO Parsing file aux.tex from TeX
2015-08-19 13:54:23,254 DEBUG Si, es un WriteUp
2015-08-19 13:54:23,255 INFO Parsing done...
2015-08-19 13:57:09,899 INFO Parsing file aux.tex from TeX
2015-08-19 13:57:09,903 DEBUG Si, es un WriteUp
2015-08-19 13:57:09,903 INFO Parsing done...
2015-08-19 13:57:33,225 INFO Parsing file accents.py from TeX
2015-08-19 13:58:12,587 INFO Parsing file accents.py from TeX
2015-08-19 13:58:12,589 INFO Error in parsing the document. Please, select a file with the correct latex structure
2015-08-19 14:00:08,931 INFO Parsing file aux.tex from TeX
2015-08-19 14:00:08,934 DEBUG Si, es un WriteUp
2015-08-19 14:00:08,934 INFO Parsing done...
2015-08-19 14:02:08,050 DEBUG Selected tab: 1
2015-08-19 14:02:10,770 DEBUG Selected tab: 0
2015-08-19 14:02:13,562 DEBUG Selected tab: 1
2015-08-19 14:02:15,170 DEBUG Selected tab: 0
2015-08-19 14:03:33,306 DEBUG Selected tab: 1
2015-08-19 14:03:33,954 DEBUG Selected tab: 0
2015-08-19 14:03:34,378 DEBUG Selected tab: 1
2015-08-19 14:03:34,834 DEBUG Selected tab: 0
2015-08-19 14:03:39,715 INFO Parsing file aux.tex from TeX
2015-08-19 14:03:39,718 DEBUG Si, es un WriteUp
2015-08-19 14:03:39,718 INFO Parsing done...
2015-08-19 14:04:25,682 INFO Parsing file aux.tex from TeX
2015-08-19 14:04:25,683 DEBUG Si, es un WriteUp
2015-08-19 14:04:25,683 INFO Parsing done...
2015-08-19 14:04:29,354 INFO Parsing file accents.py from TeX
2015-08-19 14:04:29,355 INFO Error in parsing the document. Please, select a file with the correct latex structure
2015-08-19 14:05:11,106 INFO Parsing file accents.py from TeX
2015-08-19 14:05:11,106 INFO Error in parsing the document. Please, select a file with the correct latex structure
2015-08-19 14:05:11,586 INFO Parsing file accents.py from TeX
2015-08-19 14:05:11,587 INFO Error in parsing the document. Please, select a file with the correct latex structure
2015-08-19 14:05:11,914 INFO Parsing file accents.py from TeX
2015-08-19 14:05:11,915 INFO Error in parsing the document. Please, select a file with the correct latex structure
2015-08-19 14:05:12,210 INFO Parsing file accents.py from TeX
2015-08-19 14:05:12,210 INFO Error in parsing the document. Please, select a file with the correct latex structure
2015-08-19 14:05:12,530 INFO Parsing file accents.py from TeX
2015-08-19 14:05:12,530 INFO Error in parsing the document. Please, select a file with the correct latex structure
2015-08-19 14:05:13,090 INFO Parsing file accents.py from TeX
2015-08-19 14:05:13,090 INFO Error in parsing the document. Please, select a file with the correct latex structure
2015-08-19 14:05:13,578 INFO Parsing file accents.py from TeX
2015-08-19 14:05:13,579 INFO Error in parsing the document. Please, select a file with the correct latex structure
2015-08-19 14:05:14,178 INFO Parsing file accents.py from TeX
2015-08-19 14:05:14,179 INFO Error in parsing the document. Please, select a file with the correct latex structure
2015-08-19 14:07:30,579 INFO Parsing file aux.tex from TeX
2015-08-19 14:07:30,582 DEBUG Si, es un WriteUp
2015-08-19 14:07:30,583 INFO Parsing done...
2015-08-19 14:07:30,986 INFO Parsing file aux.tex from TeX
2015-08-19 14:07:30,987 DEBUG Si, es un WriteUp
2015-08-19 14:07:30,987 INFO Parsing done...
2015-08-19 14:07:31,354 INFO Parsing file aux.tex from TeX
2015-08-19 14:07:31,355 DEBUG Si, es un WriteUp
2015-08-19 14:07:31,355 INFO Parsing done...
2015-08-19 14:07:31,650 INFO Parsing file aux.tex from TeX
2015-08-19 14:07:31,652 DEBUG Si, es un WriteUp
2015-08-19 14:07:31,652 INFO Parsing done...
2015-08-19 14:07:31,930 INFO Parsing file aux.tex from TeX
2015-08-19 14:07:31,931 DEBUG Si, es un WriteUp
2015-08-19 14:07:31,931 INFO Parsing done...
2015-08-19 14:07:32,226 INFO Parsing file aux.tex from TeX
2015-08-19 14:07:32,227 DEBUG Si, es un WriteUp
2015-08-19 14:07:32,227 INFO Parsing done...
2015-08-19 14:07:32,562 INFO Parsing file aux.tex from TeX
2015-08-19 14:07:32,563 DEBUG Si, es un WriteUp
2015-08-19 14:07:32,563 INFO Parsing done...
2015-08-19 14:07:32,914 INFO Parsing file aux.tex from TeX
2015-08-19 14:07:32,915 DEBUG Si, es un WriteUp
2015-08-19 14:07:32,915 INFO Parsing done...
2015-08-19 14:07:33,306 INFO Parsing file aux.tex from TeX
2015-08-19 14:07:33,307 DEBUG Si, es un WriteUp
2015-08-19 14:07:33,307 INFO Parsing done...
2015-08-19 14:07:33,634 INFO Parsing file aux.tex from TeX
2015-08-19 14:07:33,635 DEBUG Si, es un WriteUp
2015-08-19 14:07:33,635 INFO Parsing done...
2015-08-19 14:07:33,994 INFO Parsing file aux.tex from TeX
2015-08-19 14:07:33,995 DEBUG Si, es un WriteUp
2015-08-19 14:07:33,995 INFO Parsing done...
2015-08-19 14:07:34,546 INFO Parsing file aux.tex from TeX
2015-08-19 14:07:34,547 DEBUG Si, es un WriteUp
2015-08-19 14:07:34,547 INFO Parsing done...
2015-08-19 14:07:46,476 INFO Parsing file accents.py from TeX
2015-08-19 14:07:46,478 INFO Error in parsing the document. Please, select a file with the correct latex structure
2015-08-19 14:07:46,914 INFO Parsing file accents.py from TeX
2015-08-19 14:07:46,914 INFO Error in parsing the document. Please, select a file with the correct latex structure
2015-08-19 14:07:47,146 INFO Parsing file accents.py from TeX
2015-08-19 14:07:47,147 INFO Error in parsing the document. Please, select a file with the correct latex structure
2015-08-19 14:07:47,378 INFO Parsing file accents.py from TeX
2015-08-19 14:07:47,379 INFO Error in parsing the document. Please, select a file with the correct latex structure
2015-08-19 14:07:47,602 INFO Parsing file accents.py from TeX
2015-08-19 14:07:47,603 INFO Error in parsing the document. Please, select a file with the correct latex structure
2015-08-19 14:07:47,842 INFO Parsing file accents.py from TeX
2015-08-19 14:07:47,843 INFO Error in parsing the document. Please, select a file with the correct latex structure
2015-08-19 14:07:48,090 INFO Parsing file accents.py from TeX
2015-08-19 14:07:48,091 INFO Error in parsing the document. Please, select a file with the correct latex structure
2015-08-19 14:07:48,394 INFO Parsing file accents.py from TeX
2015-08-19 14:07:48,395 INFO Error in parsing the document. Please, select a file with the correct latex structure
2015-08-19 14:07:48,834 INFO Parsing file accents.py from TeX
2015-08-19 14:07:48,835 INFO Error in parsing the document. Please, select a file with the correct latex structure
2015-08-19 14:07:49,122 INFO Parsing file accents.py from TeX
2015-08-19 14:07:49,123 INFO Error in parsing the document. Please, select a file with the correct latex structure
2015-08-19 14:07:49,434 INFO Parsing file accents.py from TeX
2015-08-19 14:07:49,435 INFO Error in parsing the document. Please, select a file with the correct latex structure
2015-08-19 14:07:49,794 INFO Parsing file accents.py from TeX
2015-08-19 14:07:49,795 INFO Error in parsing the document. Please, select a file with the correct latex structure
2015-08-19 14:08:22,932 INFO Parsing file  from TeX
2015-08-19 14:08:22,932 INFO Error in parsing the document. Please, select a file with the correct latex structure
2015-08-19 14:08:23,426 INFO Parsing file  from TeX
2015-08-19 14:08:23,426 INFO Error in parsing the document. Please, select a file with the correct latex structure
2015-08-19 14:08:23,666 INFO Parsing file  from TeX
2015-08-19 14:08:23,666 INFO Error in parsing the document. Please, select a file with the correct latex structure
2015-08-19 14:08:23,882 INFO Parsing file  from TeX
2015-08-19 14:08:23,882 INFO Error in parsing the document. Please, select a file with the correct latex structure
2015-08-19 14:08:24,090 INFO Parsing file  from TeX
2015-08-19 14:08:24,090 INFO Error in parsing the document. Please, select a file with the correct latex structure
2015-08-19 14:08:24,330 INFO Parsing file  from TeX
2015-08-19 14:08:24,330 INFO Error in parsing the document. Please, select a file with the correct latex structure
2015-08-19 14:08:24,602 INFO Parsing file  from TeX
2015-08-19 14:08:24,602 INFO Error in parsing the document. Please, select a file with the correct latex structure
2015-08-19 14:08:24,954 INFO Parsing file  from TeX
2015-08-19 14:08:24,954 INFO Error in parsing the document. Please, select a file with the correct latex structure
2015-08-19 14:08:25,522 INFO Parsing file  from TeX
2015-08-19 14:08:25,522 INFO Error in parsing the document. Please, select a file with the correct latex structure
2015-08-19 14:08:25,930 INFO Parsing file  from TeX
2015-08-19 14:08:25,930 INFO Error in parsing the document. Please, select a file with the correct latex structure
2015-08-19 14:08:26,290 INFO Parsing file  from TeX
2015-08-19 14:08:26,290 INFO Error in parsing the document. Please, select a file with the correct latex structure
2015-08-19 14:08:26,626 INFO Parsing file  from TeX
2015-08-19 14:08:26,626 INFO Error in parsing the document. Please, select a file with the correct latex structure
2015-08-19 14:08:26,986 INFO Parsing file  from TeX
2015-08-19 14:08:26,986 INFO Error in parsing the document. Please, select a file with the correct latex structure
2015-08-19 14:08:27,354 INFO Parsing file  from TeX
2015-08-19 14:08:27,354 INFO Error in parsing the document. Please, select a file with the correct latex structure
2015-08-19 14:08:27,762 INFO Parsing file  from TeX
2015-08-19 14:08:27,763 INFO Error in parsing the document. Please, select a file with the correct latex structure
2015-08-19 14:08:28,658 INFO Parsing file  from TeX
2015-08-19 14:08:28,658 INFO Error in parsing the document. Please, select a file with the correct latex structure
2015-08-19 14:09:18,595 INFO Parsing file  from TeX
2015-08-19 14:09:18,596 INFO Error in parsing the document. Please, select a file with the correct latex structure
2015-08-19 14:09:18,778 INFO Parsing file  from TeX
2015-08-19 14:09:18,778 INFO Error in parsing the document. Please, select a file with the correct latex structure
2015-08-19 14:09:18,962 INFO Parsing file  from TeX
2015-08-19 14:09:18,962 INFO Error in parsing the document. Please, select a file with the correct latex structure
2015-08-19 14:09:19,154 INFO Parsing file  from TeX
2015-08-19 14:09:19,154 INFO Error in parsing the document. Please, select a file with the correct latex structure
2015-08-19 14:09:19,338 INFO Parsing file  from TeX
2015-08-19 14:09:19,338 INFO Error in parsing the document. Please, select a file with the correct latex structure
2015-08-19 14:09:19,546 INFO Parsing file  from TeX
2015-08-19 14:09:19,546 INFO Error in parsing the document. Please, select a file with the correct latex structure
2015-08-19 14:09:19,770 INFO Parsing file  from TeX
2015-08-19 14:09:19,771 INFO Error in parsing the document. Please, select a file with the correct latex structure
2015-08-19 14:09:20,170 INFO Parsing file  from TeX
2015-08-19 14:09:20,171 INFO Error in parsing the document. Please, select a file with the correct latex structure
2015-08-19 14:09:20,666 INFO Parsing file  from TeX
2015-08-19 14:09:20,667 INFO Error in parsing the document. Please, select a file with the correct latex structure
2015-08-19 14:09:20,914 INFO Parsing file  from TeX
2015-08-19 14:09:20,915 INFO Error in parsing the document. Please, select a file with the correct latex structure
2015-08-19 14:09:21,186 INFO Parsing file  from TeX
2015-08-19 14:09:21,187 INFO Error in parsing the document. Please, select a file with the correct latex structure
2015-08-19 14:09:21,482 INFO Parsing file  from TeX
2015-08-19 14:09:21,483 INFO Error in parsing the document. Please, select a file with the correct latex structure
2015-08-19 14:09:21,762 INFO Parsing file  from TeX
2015-08-19 14:09:21,763 INFO Error in parsing the document. Please, select a file with the correct latex structure
2015-08-19 14:09:22,130 INFO Parsing file  from TeX
2015-08-19 14:09:22,131 INFO Error in parsing the document. Please, select a file with the correct latex structure
2015-08-19 14:09:22,530 INFO Parsing file  from TeX
2015-08-19 14:09:22,531 INFO Error in parsing the document. Please, select a file with the correct latex structure
2015-08-19 14:09:22,874 INFO Parsing file  from TeX
2015-08-19 14:09:22,875 INFO Error in parsing the document. Please, select a file with the correct latex structure
2015-08-19 14:10:26,036 INFO Parsing file aux.tex from TeX
2015-08-19 14:10:26,039 DEBUG Si, es un WriteUp
2015-08-19 14:10:26,039 INFO Parsing done...
2015-08-19 14:10:27,434 INFO Parsing file aux.tex from TeX
2015-08-19 14:10:27,436 DEBUG Si, es un WriteUp
2015-08-19 14:10:27,436 INFO Parsing done...
2015-08-19 14:10:29,594 INFO Parsing file aux.tex from TeX
2015-08-19 14:10:29,595 DEBUG Si, es un WriteUp
2015-08-19 14:10:29,595 INFO Parsing done...
2015-08-19 14:10:42,692 INFO Parsing file  from TeX
2015-08-19 14:10:42,693 INFO Error in parsing the document. Please, select a file with the correct latex structure
2015-08-19 14:10:45,554 INFO Parsing file  from TeX
2015-08-19 14:10:45,555 INFO Error in parsing the document. Please, select a file with the correct latex structure
2015-08-19 14:11:15,571 INFO Parsing file  from TeX
2015-08-19 14:11:15,573 INFO Error in parsing the document. Please, select a file with the correct latex structure
2015-08-19 14:11:43,196 INFO Parsing file  from TeX
2015-08-19 14:11:43,197 INFO Error in parsing the document. Please, select a file with the correct latex structure
2015-08-19 14:12:06,020 INFO Parsing file  from TeX
2015-08-19 14:12:06,021 INFO Error in parsing the document. Please, select a file with the correct latex structure
2015-08-19 14:12:38,589 INFO Parsing file  from TeX
2015-08-19 14:12:38,590 INFO Error in parsing the document. Please, select a file with the correct latex structure
2015-08-19 14:13:00,083 INFO Parsing file  from TeX
2015-08-19 14:13:00,084 INFO Error in parsing the document. Please, select a file with the correct latex structure
2015-08-19 14:14:22,508 INFO Parsing file  from TeX
2015-08-19 14:14:22,509 INFO Error in parsing the document. Please, select a file with the correct latex structure
2015-08-19 14:14:57,724 INFO Parsing file  from TeX
2015-08-19 14:14:57,725 INFO Error in parsing the document. Please, select a file with the correct latex structure
2015-08-19 14:14:59,418 INFO Parsing file  from TeX
2015-08-19 14:14:59,419 INFO Error in parsing the document. Please, select a file with the correct latex structure
2015-08-19 14:17:52,874 INFO Parsing file  from TeX
2015-08-19 14:17:52,875 INFO Error in parsing the document. Please, select a file with the correct latex structure
2015-08-19 14:17:53,267 INFO Parsing file  from TeX
2015-08-19 14:17:53,267 INFO Error in parsing the document. Please, select a file with the correct latex structure
2015-08-19 14:17:53,820 INFO Parsing file  from TeX
2015-08-19 14:17:53,820 INFO Error in parsing the document. Please, select a file with the correct latex structure
2015-08-19 14:17:54,331 INFO Parsing file  from TeX
2015-08-19 14:17:54,331 INFO Error in parsing the document. Please, select a file with the correct latex structure
2015-08-19 14:17:54,907 INFO Parsing file  from TeX
2015-08-19 14:17:54,907 INFO Error in parsing the document. Please, select a file with the correct latex structure
2015-08-19 14:17:59,131 INFO Parsing file aux.tex from TeX
2015-08-19 14:17:59,134 DEBUG Si, es un WriteUp
2015-08-19 14:17:59,135 INFO Parsing done...
2015-08-20 09:52:16,132 DEBUG Selected tab_21
2015-08-20 09:52:17,758 DEBUG Selected tab_20
2015-08-20 09:52:18,938 DEBUG Selected tab_21
2015-08-20 09:52:20,017 DEBUG Selected tab_20
2015-08-20 09:52:23,830 DEBUG Selected tab_21
2015-08-20 09:58:03,250 INFO Selected file: /home/antonio/projects/CERN/DataPreservation/aux.tex
2015-08-20 09:58:06,385 INFO Parsing file aux.tex from TeX
2015-08-20 09:58:06,398 DEBUG Si, es un WriteUp
2015-08-20 09:58:06,398 INFO Parsing done...
2015-08-20 09:59:02,856 DEBUG Selected tab: 1
2015-08-20 09:59:08,737 DEBUG Selected tab: 0
2015-08-20 09:59:10,109 DEBUG Selected tab: 1
2015-08-20 09:59:11,116 DEBUG Selected tab: 0
2015-08-20 10:04:23,155 DEBUG Selected tab_21
2015-08-20 10:04:27,184 DEBUG Selected tab: 1
2015-08-20 10:04:32,353 DEBUG Selected tab: 0
2015-08-20 10:04:33,909 DEBUG Selected tab_20
2015-08-20 10:34:28,064 DEBUG Selected tab_21
2015-08-20 10:49:35,696 DEBUG Selected tab_20
2015-08-20 10:49:37,111 DEBUG Selected tab_21
2015-08-20 10:49:44,313 DEBUG Selected tab_20
2015-08-20 10:49:45,616 DEBUG Selected tab_21
2015-08-20 11:00:11,196 INFO Loaded file: /home/antonio/projects/CERN/ShortWriteUps/b002.tex
2015-08-20 11:00:11,197 INFO Loaded file: /home/antonio/projects/CERN/ShortWriteUps/b100.tex
2015-08-20 11:00:11,197 INFO Loaded file: /home/antonio/projects/CERN/ShortWriteUps/b101.tex
2015-08-20 11:00:15,354 INFO Parsing file b002.tex from TeX
2015-08-20 11:00:15,411 INFO Parsing done...
2015-08-20 11:00:15,411 INFO Parsing file b100.tex from TeX
2015-08-20 11:00:15,421 INFO Parsing done...
2015-08-20 11:00:15,422 INFO Parsing file b101.tex from TeX
2015-08-20 11:00:15,422 INFO Parsing done...
2015-08-20 11:03:22,810 INFO Parsing file aux.tex from TeX
2015-08-20 11:03:22,862 INFO Parsing done...
2015-08-20 11:03:22,862 INFO Parsing file auxTools.py from TeX
2015-08-20 11:03:22,868 DEBUG 'NoneType' object has no attribute 'group'
2015-08-20 11:03:22,868 INFO Error in parsing the document. Please, select a file with the correct latex structure
2015-08-20 11:04:22,179 INFO Parsing file aux.tex from TeX
2015-08-20 11:04:22,181 INFO ID: B100
Name: Binomial Coefficient
Keywords: BINOMIAL COEFFICIENT
Submitter: 
Submitted: 15.02.1989
Language: Fortran
Revised: 
2015-08-20 11:04:22,182 INFO Parsing done...
2015-08-20 11:04:22,182 INFO Parsing file auxTools.py from TeX
2015-08-20 11:04:22,182 DEBUG 'NoneType' object has no attribute 'group'
2015-08-20 11:04:22,183 INFO Error in parsing the document. Please, select a file with the correct latex structure
2015-08-20 11:05:03,831 DEBUG Selected tab: 1
2015-08-20 11:05:05,865 DEBUG Selected tab: 0
2015-08-20 11:06:44,696 DEBUG Selected tab: 1
2015-08-20 11:06:51,400 DEBUG Selected tab: 0
2015-08-20 11:06:53,001 DEBUG Selected tab_20
2015-08-20 11:06:54,832 DEBUG Selected tab_21
2015-08-20 11:07:12,432 DEBUG Selected tab_20
2015-08-20 11:20:17,442 DEBUG Selected tab_20
2015-08-20 11:20:19,974 INFO Selected file: /home/antonio/projects/CERN/DataPreservation/aux.tex
2015-08-20 11:20:22,691 INFO Parsing file aux.tex from TeX
2015-08-20 11:20:22,693 DEBUG Si, es un WriteUp
2015-08-20 11:20:22,694 INFO Parsing done...
2015-08-20 11:20:24,251 INFO No write up ready for processing
2015-08-20 11:20:57,266 DEBUG Selected tab_20
2015-08-20 11:21:06,690 INFO Selected file: /home/antonio/projects/CERN/ShortWriteUps/b002.tex
2015-08-20 11:21:07,755 INFO Parsing file b002.tex from TeX
2015-08-20 11:21:07,757 INFO Error in parsing the document. Please, select a file with the correct latex structure
2015-08-20 11:21:18,738 INFO Parsing file b002.tex from TeX
2015-08-20 11:21:18,738 INFO Error in parsing the document. Please, select a file with the correct latex structure
2015-08-20 11:23:10,426 DEBUG Selected tab_20
2015-08-20 11:23:19,026 INFO Selected file: /home/antonio/projects/CERN/ShortWriteUps/b.tex
2015-08-20 11:23:21,027 INFO Parsing file b.tex from TeX
2015-08-20 11:23:21,062 INFO Error in parsing the document. Please, select a file with the correct latex structure
2015-08-20 11:23:21,062 DEBUG 'NoneType' object has no attribute 'group'
2015-08-20 11:24:22,202 INFO Selected file: /home/antonio/projects/CERN/ShortWriteUps/b002.tex
2015-08-20 11:24:24,113 INFO Parsing file b002.tex from TeX
2015-08-20 11:24:24,116 INFO Error in parsing the document. Please, select a file with the correct latex structure
2015-08-20 11:24:24,116 DEBUG 'MainGUI' object has no attribute '_setWriteUp'
2015-08-20 11:25:12,778 DEBUG Selected tab_20
2015-08-20 11:25:20,353 INFO Selected file: /home/antonio/projects/CERN/ShortWriteUps/b002.tex
2015-08-20 11:25:21,827 INFO Parsing file b002.tex from TeX
2015-08-20 11:25:21,829 DEBUG Si, es un WriteUp
2015-08-20 11:25:21,829 INFO Parsing done...
2015-08-20 11:25:29,899 INFO No write up ready for processing
2015-08-20 11:27:28,834 DEBUG Selected tab_20
2015-08-20 11:27:35,056 INFO Selected file: /home/antonio/projects/CERN/ShortWriteUps/b002.tex
2015-08-20 11:27:36,763 INFO Parsing file b002.tex from TeX
2015-08-20 11:27:36,766 DEBUG Si, es un WriteUp
2015-08-20 11:27:36,767 INFO Parsing done...
2015-08-20 11:27:59,227 DEBUG Selected tab_20
2015-08-20 11:28:10,249 INFO Selected file: /home/antonio/projects/CERN/ShortWriteUps/b002.tex
2015-08-20 11:28:11,723 INFO Parsing file b002.tex from TeX
2015-08-20 11:28:11,726 DEBUG Si, es un WriteUp
2015-08-20 11:28:11,726 INFO Parsing done...
2015-08-20 11:30:13,178 DEBUG Selected tab_20
2015-08-20 11:30:22,726 INFO Selected file: /home/antonio/projects/CERN/ShortWriteUps/b002.tex
2015-08-20 11:30:24,507 INFO Parsing file b002.tex from TeX
2015-08-20 11:30:24,510 DEBUG Si, es un WriteUp
2015-08-20 11:30:24,510 INFO Parsing done...
2015-08-20 11:31:30,763 DEBUG Selected tab_20
2015-08-20 11:31:37,101 INFO Selected file: /home/antonio/projects/CERN/ShortWriteUps/b002.tex
2015-08-20 11:31:37,956 INFO Parsing file b002.tex from TeX
2015-08-20 11:31:37,959 DEBUG Si, es un WriteUp
2015-08-20 11:31:37,959 INFO Parsing done...
2015-08-20 11:32:24,179 DEBUG Selected tab_20
2015-08-20 11:32:44,034 INFO Selected file: /home/antonio/projects/CERN/ShortWriteUps/b002.tex
2015-08-20 11:32:46,323 INFO Parsing file b002.tex from TeX
2015-08-20 11:32:46,326 DEBUG Si, es un WriteUp
2015-08-20 11:32:46,326 INFO Parsing done...
2015-08-20 11:38:22,092 DEBUG Selected tab_20
2015-08-20 11:38:30,118 INFO Selected file: /home/antonio/projects/CERN/ShortWriteUps/b002.tex
2015-08-20 11:38:31,500 INFO Parsing file b002.tex from TeX
2015-08-20 11:38:31,503 DEBUG Si, es un WriteUp
2015-08-20 11:38:31,503 INFO Parsing done...
2015-08-20 11:42:44,099 DEBUG Selected tab_20
2015-08-20 11:42:50,864 INFO Selected file: /home/antonio/projects/CERN/ShortWriteUps/b002.tex
2015-08-20 11:42:52,156 INFO Parsing file b002.tex from TeX
2015-08-20 11:42:52,158 DEBUG Si, es un WriteUp
2015-08-20 11:42:52,159 INFO Parsing done...
2015-08-20 11:43:40,187 DEBUG Selected tab_20
2015-08-20 11:43:44,041 INFO Selected file: /home/antonio/projects/CERN/DataPreservation/aux.tex
2015-08-20 11:43:45,220 INFO Parsing file aux.tex from TeX
2015-08-20 11:43:45,222 DEBUG Si, es un WriteUp
2015-08-20 11:43:45,223 INFO Parsing done...
2015-08-20 11:43:46,348 INFO Copying file for processing
2015-08-20 11:43:46,354 INFO Creating final LaTeX from template
2015-08-20 11:43:46,355 INFO Writing metadata
2015-08-20 11:43:46,355 INFO Saving final TeX file
2015-08-20 11:43:46,360 INFO Creating reduced HTML
2015-08-20 11:43:54,594 INFO Creating PDF/A
2015-08-20 11:43:55,954 INFO Creating funcy HTML
2015-08-20 11:43:56,129 INFO Cleaning auxiliar files
2015-08-20 11:44:51,965 INFO Parsing file aux.aux from TeX
2015-08-20 11:44:51,966 DEBUG 'NoneType' object has no attribute 'group'
2015-08-20 11:44:51,966 INFO Error in parsing the document. Please, select a file with the correct latex structure
2015-08-20 11:45:10,611 DEBUG Selected tab_20
2015-08-20 11:45:13,809 INFO Selected file: /home/antonio/projects/CERN/DataPreservation/aux.tex
2015-08-20 11:45:14,900 INFO Parsing file aux.tex from TeX
2015-08-20 11:45:14,901 DEBUG Si, es un WriteUp
2015-08-20 11:45:14,901 INFO Parsing done...
2015-08-20 11:45:16,051 INFO Copying file for processing
2015-08-20 11:45:16,056 INFO Creating final LaTeX from template
2015-08-20 11:45:16,056 INFO Writing metadata
2015-08-20 11:45:16,057 INFO Saving final TeX file
2015-08-20 11:45:16,062 INFO Creating reduced HTML
2015-08-20 11:45:31,676 INFO Creating PDF/A
2015-08-20 11:45:36,356 INFO Creating funcy HTML
2015-08-20 11:45:36,510 INFO Cleaning auxiliar files
2015-08-20 11:46:32,323 DEBUG Selected tab_20
2015-08-20 11:46:36,496 INFO Selected file: /home/antonio/projects/CERN/DataPreservation/aux.tex
2015-08-20 11:46:44,876 INFO Parsing file aux.tex from TeX
2015-08-20 11:46:44,879 DEBUG Si, es un WriteUp
2015-08-20 11:46:44,880 INFO Parsing done...
2015-08-20 11:46:47,460 INFO Copying file for processing
2015-08-20 11:46:47,465 INFO Creating final LaTeX from template
2015-08-20 11:46:47,466 INFO Writing metadata
2015-08-20 11:46:47,466 INFO Saving final TeX file
2015-08-20 11:46:47,471 INFO Creating reduced HTML
2015-08-20 11:46:52,661 INFO Creating PDF/A
2015-08-20 11:46:54,058 INFO Creating funcy HTML
2015-08-20 11:46:54,223 INFO Cleaning auxiliar files
2015-08-20 11:47:58,603 DEBUG Selected tab_20
2015-08-20 11:48:02,364 INFO Selected file: /home/antonio/projects/CERN/DataPreservation/aux.tex
2015-08-20 11:48:03,388 INFO Parsing file aux.tex from TeX
2015-08-20 11:48:03,390 DEBUG Si, es un WriteUp
2015-08-20 11:48:03,391 INFO Parsing done...
2015-08-20 11:48:04,340 INFO Copying file for processing
2015-08-20 11:48:04,345 INFO Creating final LaTeX from template
2015-08-20 11:48:04,345 INFO Writing metadata
2015-08-20 11:48:04,346 INFO Saving final TeX file
2015-08-20 11:48:04,351 INFO Creating reduced HTML
2015-08-20 11:48:09,386 INFO Creating PDF/A
2015-08-20 11:48:10,505 INFO Creating funcy HTML
2015-08-20 11:48:10,660 INFO Cleaning auxiliar files
2015-08-20 11:49:26,188 DEBUG Selected tab_20
2015-08-20 11:49:30,873 INFO Selected file: /home/antonio/projects/CERN/DataPreservation/aux.tex
2015-08-20 11:49:31,997 INFO Parsing file aux.tex from TeX
2015-08-20 11:49:32,001 DEBUG Si, es un WriteUp
2015-08-20 11:49:32,002 INFO Parsing done...
2015-08-20 11:49:33,068 INFO Copying file for processing
2015-08-20 11:49:33,073 INFO Creating final LaTeX from template
2015-08-20 11:49:33,074 INFO Writing metadata
2015-08-20 11:49:33,074 INFO Saving final TeX file
2015-08-20 11:49:33,081 INFO Creating reduced HTML
2015-08-20 11:49:38,503 INFO Creating PDF/A
2015-08-20 11:49:39,295 INFO Creating funcy HTML
2015-08-20 11:49:39,452 INFO Cleaning auxiliar files
2015-08-20 11:52:45,052 DEBUG Selected tab_20
2015-08-20 11:52:53,422 INFO Selected file: /home/antonio/projects/CERN/ShortWriteUps/b002.tex
2015-08-20 11:52:54,732 INFO Parsing file b002.tex from TeX
2015-08-20 11:52:54,735 DEBUG Si, es un WriteUp
2015-08-20 11:52:54,735 INFO Parsing done...
2015-08-20 11:52:56,164 INFO Copying file for processing
2015-08-20 11:52:56,170 INFO Creating final LaTeX from template
2015-08-20 11:52:56,170 INFO Writing metadata
2015-08-20 11:52:56,170 INFO Saving final TeX file
2015-08-20 11:52:56,175 INFO Creating reduced HTML
2015-08-20 11:53:01,168 INFO Creating PDF/A
2015-08-20 11:53:02,013 INFO Creating funcy HTML
2015-08-20 11:53:02,040 INFO Cleaning auxiliar files
2015-08-20 11:54:24,484 DEBUG Selected tab_20
2015-08-20 11:54:38,055 INFO Selected file: /home/antonio/projects/CERN/ShortWriteUps/b002.tex
2015-08-20 11:54:39,311 INFO Parsing file b002.tex from TeX
2015-08-20 11:54:39,314 DEBUG Si, es un WriteUp
2015-08-20 11:54:39,314 INFO Parsing done...
2015-08-20 11:54:40,397 INFO Copying file for processing
2015-08-20 11:54:40,401 INFO Creating final LaTeX from template
2015-08-20 11:54:40,402 INFO Writing metadata
2015-08-20 11:54:40,402 INFO Saving final TeX file
2015-08-20 11:54:40,407 INFO Creating reduced HTML
2015-08-20 11:54:45,686 INFO Creating PDF/A
2015-08-20 11:54:46,722 INFO Creating funcy HTML
2015-08-20 11:54:46,878 INFO Cleaning auxiliar files
2015-08-20 11:58:48,012 INFO Selected file: /home/antonio/projects/CERN/ShortWriteUps/b102.tex
2015-08-20 11:58:50,926 INFO Parsing file b102.tex from TeX
2015-08-20 11:58:50,953 DEBUG Si, es un WriteUp
2015-08-20 11:58:50,954 INFO Parsing done...
2015-08-20 11:58:52,933 INFO Copying file for processing
2015-08-20 11:58:52,940 INFO Creating final LaTeX from template
2015-08-20 11:58:52,941 INFO Writing metadata
2015-08-20 11:58:52,941 INFO Saving final TeX file
2015-08-20 11:58:52,948 INFO Creating reduced HTML
2015-08-20 11:58:58,172 INFO Creating PDF/A
2015-08-20 11:58:58,945 INFO Creating funcy HTML
2015-08-20 11:58:59,144 INFO Cleaning auxiliar files
2015-08-20 12:45:29,159 DEBUG Selected tab_20
2015-08-20 12:45:42,515 INFO Selected file: /home/antonio/projects/CERN/ShortWriteUps/b002.tex
2015-08-20 12:45:44,031 INFO Parsing file b002.tex from TeX
2015-08-20 12:45:44,086 DEBUG Si, es un WriteUp
2015-08-20 12:45:44,086 INFO Parsing done...
2015-08-20 12:45:45,215 INFO Copying file for processing

2015-08-20 12:45:45,221 INFO Creating final LaTeX from template
2015-08-20 12:45:45,240 INFO Writing metadata
2015-08-20 12:45:45,242 INFO Saving final TeX file
2015-08-20 12:45:45,288 INFO Creating reduced HTML
2015-08-20 12:46:02,104 INFO Creating PDF/A
2015-08-20 12:46:29,927 INFO Creating funcy HTML
2015-08-20 12:46:30,241 INFO Cleaning auxiliar files
