This is pdfTeX, Version 3.14159265-2.6-1.40.15 (TeX Live 2014/Arch Linux) (preloaded format=pdflatex 2015.7.21)  12 AUG 2015 11:21
entering extended mode
 restricted \write18 enabled.
 %&-line parsing enabled.
**fatmain.tex
(./fatmain.tex
LaTeX2e <2014/05/01>
Babel <3.9l> and hyphenation patterns for 79 languages loaded.
(/usr/share/texmf/tex/latex/cernman.cls
Document Class: cernman 1994/01/10
(/usr/share/texmf-dist/tex/latex/base/report.cls
Document Class: report 2014/09/29 v1.4h Standard LaTeX document class
(/usr/share/texmf-dist/tex/latex/base/size11.clo
File: size11.clo 2014/09/29 v1.4h Standard LaTeX file (size option)
)
\c@part=\count79
\c@chapter=\count80
\c@section=\count81
\c@subsection=\count82
\c@subsubsection=\count83
\c@paragraph=\count84
\c@subparagraph=\count85
\c@figure=\count86
\c@table=\count87
\abovecaptionskip=\skip41
\belowcaptionskip=\skip42
\bibindent=\dimen102
)
(/usr/share/texmf-dist/tex/latex/psnfss/pifont.sty
Package: pifont 2005/04/12 PSNFSS-v9.2a Pi font support (SPQR) 
LaTeX Font Info:    Try loading font information for U+pzd on input line 63.

(/usr/share/texmf-dist/tex/latex/psnfss/upzd.fd
File: upzd.fd 2001/06/04 font definitions for U/pzd.
)
LaTeX Font Info:    Try loading font information for U+psy on input line 64.

(/usr/share/texmf-dist/tex/latex/psnfss/upsy.fd
File: upsy.fd 2001/06/04 font definitions for U/psy.
))
(/usr/share/texmf-dist/tex/latex/graphics/color.sty
Package: color 2014/10/28 v1.1a Standard LaTeX Color (DPC)

(/usr/share/texmf-dist/tex/latex/latexconfig/color.cfg
File: color.cfg 2007/01/18 v1.5 color configuration of teTeX/TeXLive
)
Package color Info: Driver file: pdftex.def on input line 137.

(/usr/share/texmf-dist/tex/latex/pdftex-def/pdftex.def
File: pdftex.def 2011/05/27 v0.06d Graphics/color for pdfTeX

(/usr/share/texmf-dist/tex/generic/oberdiek/infwarerr.sty
Package: infwarerr 2010/04/08 v1.3 Providing info/warning/error messages (HO)
)
(/usr/share/texmf-dist/tex/generic/oberdiek/ltxcmds.sty
Package: ltxcmds 2011/11/09 v1.22 LaTeX kernel commands for general use (HO)
)
\Gread@gobject=\count88
))
(/usr/share/texmf-dist/tex/latex/tools/array.sty
Package: array 2014/10/28 v2.4c Tabular extension package (FMi)
\col@sep=\dimen103
\extrarowheight=\dimen104
\NC@list=\toks14
\extratabsurround=\skip43
\backup@length=\skip44
)
(/usr/share/texmf-dist/tex/latex/tools/tabularx.sty
Package: tabularx 2014/10/28 v2.10 `tabularx' package (DPC)
\TX@col@width=\dimen105
\TX@old@table=\dimen106
\TX@old@col=\dimen107
\TX@target=\dimen108
\TX@delta=\dimen109
\TX@cols=\count89
\TX@ftn=\toks15
)
(/usr/share/texmf/tex/latex/macros/verbatim.sty
Style-Option: `verbatim' v1.4d <91/04/24> (RmS)
English Documentation          <91/04/24> (RmS)
\every@verbatim=\toks16
\verbatim@line=\toks17
) (/usr/share/texmf-dist/tex/latex/graphics/graphicx.sty
Package: graphicx 2014/10/28 v1.0g Enhanced LaTeX Graphics (DPC,SPQR)

(/usr/share/texmf-dist/tex/latex/graphics/keyval.sty
Package: keyval 2014/10/28 v1.15 key=value parser (DPC)
\KV@toks@=\toks18
)
(/usr/share/texmf-dist/tex/latex/graphics/graphics.sty
Package: graphics 2014/10/28 v1.0p Standard LaTeX Graphics (DPC,SPQR)

(/usr/share/texmf-dist/tex/latex/graphics/trig.sty
Package: trig 1999/03/16 v1.09 sin cos tan (DPC)
)
(/usr/share/texmf-dist/tex/latex/latexconfig/graphics.cfg
File: graphics.cfg 2010/04/23 v1.9 graphics configuration of TeX Live
)
Package graphics Info: Driver file: pdftex.def on input line 91.
)
\Gin@req@height=\dimen110
\Gin@req@width=\dimen111
)
(/usr/share/texmf/tex/latex/macros/epsfig.sty
Document style option `epsfig', v1.5 <31 Jan 92> (edited by SPQR)
(/usr/share/texmf/tex/latex/macros/epsf.sty
(/usr/share/texmf/tex/latex/macros/epsf.tex
\epsffilein=\read1
\epsfxsize=\dimen112
\epsfysize=\dimen113
\epsftsize=\dimen114
\epsfrsize=\dimen115
\epsftmp=\dimen116
\pspoints=\dimen117
))
\p@intvaluex=\dimen118
\p@intvaluey=\dimen119
)
(/usr/share/texmf/tex/latex/cern/varioref.sty
\vr@cnt=\count90
)
(/usr/share/texmf-dist/tex/latex/tools/multicol.sty
Package: multicol 2014/10/28 v1.8i multicolumn formatting (FMi)
\c@tracingmulticols=\count91
\mult@box=\box26
\multicol@leftmargin=\dimen120
\c@unbalance=\count92
\c@collectmore=\count93
\doublecol@number=\count94
\multicoltolerance=\count95
\multicolpretolerance=\count96
\full@width=\dimen121
\page@free=\dimen122
\premulticols=\dimen123
\postmulticols=\dimen124
\multicolsep=\skip45
\multicolbaselineskip=\skip46
\partial@page=\box27
\last@line=\box28
\maxbalancingoverflow=\dimen125
\mult@rightbox=\box29
\mult@grightbox=\box30
\mult@gfirstbox=\box31
\mult@firstbox=\box32
\@tempa=\box33
\@tempa=\box34
\@tempa=\box35
\@tempa=\box36
\@tempa=\box37
\@tempa=\box38
\@tempa=\box39
\@tempa=\box40
\@tempa=\box41
\@tempa=\box42
\@tempa=\box43
\@tempa=\box44
\@tempa=\box45
\@tempa=\box46
\@tempa=\box47
\@tempa=\box48
\@tempa=\box49
\c@columnbadness=\count97
\c@finalcolumnbadness=\count98
\last@try=\dimen126
\multicolovershoot=\dimen127
\multicolundershoot=\dimen128
\mult@nat@firstbox=\box50
\colbreak@box=\box51
\mc@col@check@num=\count99
)
(/usr/share/texmf-dist/tex/latex/here/here.sty)
(/usr/share/texmf-dist/tex/latex/float/float.sty
Package: float 2001/11/08 v1.3d Float enhancements (AL)
\c@float@type=\count100
\float@exts=\toks19
\float@box=\box52
\@float@everytoks=\toks20
\@floatcapt=\box53
)
(/usr/share/texmf-dist/tex/latex/tools/xspace.sty
Package: xspace 2014/10/28 v1.13 Space after command names (DPC,MH)
)
(/usr/share/texmf-dist/tex/latex/tools/calc.sty
Package: calc 2014/10/28 v4.3 Infix arithmetic (KKT,FJ)
\calc@Acount=\count101
\calc@Bcount=\count102
\calc@Adimen=\dimen129
\calc@Bdimen=\dimen130
\calc@Askip=\skip47
\calc@Bskip=\skip48
LaTeX Info: Redefining \setlength on input line 75.
LaTeX Info: Redefining \addtolength on input line 76.
\calc@Ccount=\count103
\calc@Cskip=\skip49
)
(/usr/share/texmf-dist/tex/latex/base/ifthen.sty
Package: ifthen 2014/09/29 v1.1c Standard LaTeX ifthen package (DPC)
)
(/usr/share/texmf-dist/tex/latex/base/makeidx.sty
Package: makeidx 2014/09/29 v1.0m Standard LaTeX package
)
\@DL@itemwidth=\dimen131
\c@cOL=\count104
\mylen=\skip50
\mybox=\box54
\@PAWout=\write3
)
(/usr/share/texmf-dist/tex/latex/tools/longtable.sty
Package: longtable 2014/10/28 v4.11 Multi-page Table package (DPC)
\LTleft=\skip51
\LTright=\skip52
\LTpre=\skip53
\LTpost=\skip54
\LTchunksize=\count105
\LTcapwidth=\dimen132
\LT@head=\box55
\LT@firsthead=\box56
\LT@foot=\box57
\LT@lastfoot=\box58
\LT@cols=\count106
\LT@rows=\count107
\c@LT@tables=\count108
\c@LT@chunks=\count109
\LT@p@ftn=\toks21
)
\@indexfile=\write4
\openout4 = `fatmain.idx'.


Writing index file fatmain.idx
(./fatmain.aux (./fatfront.aux) (./fatover.aux) (./fattutr.aux) (./fatuser.aux)
(./fatinst.aux) (./fatappen.aux))
\openout1 = `fatmain.aux'.

LaTeX Font Info:    Checking defaults for OML/cmm/m/it on input line 30.
LaTeX Font Info:    ... okay on input line 30.
LaTeX Font Info:    Checking defaults for T1/cmr/m/n on input line 30.
LaTeX Font Info:    ... okay on input line 30.
LaTeX Font Info:    Checking defaults for OT1/cmr/m/n on input line 30.
LaTeX Font Info:    ... okay on input line 30.
LaTeX Font Info:    Checking defaults for OMS/cmsy/m/n on input line 30.
LaTeX Font Info:    ... okay on input line 30.
LaTeX Font Info:    Checking defaults for OMX/cmex/m/n on input line 30.
LaTeX Font Info:    ... okay on input line 30.
LaTeX Font Info:    Checking defaults for U/cmr/m/n on input line 30.
LaTeX Font Info:    ... okay on input line 30.
LaTeX Font Info:    Try loading font information for OT1+ptm on input line 30.

(/usr/share/texmf-dist/tex/latex/psnfss/ot1ptm.fd
File: ot1ptm.fd 2001/06/04 font definitions for OT1/ptm.
)
(/usr/share/texmf-dist/tex/context/base/supp-pdf.mkii
[Loading MPS to PDF converter (version 2006.09.02).]
\scratchcounter=\count110
\scratchdimen=\dimen133
\scratchbox=\box59
\nofMPsegments=\count111
\nofMParguments=\count112
\everyMPshowfont=\toks22
\MPscratchCnt=\count113
\MPscratchDim=\dimen134
\MPnumerator=\count114
\makeMPintoPDFobject=\count115
\everyMPtoPDFconversion=\toks23
) (/usr/share/texmf-dist/tex/generic/oberdiek/pdftexcmds.sty
Package: pdftexcmds 2011/11/29 v0.20 Utility functions of pdfTeX for LuaTeX (HO
)

(/usr/share/texmf-dist/tex/generic/oberdiek/ifluatex.sty
Package: ifluatex 2010/03/01 v1.3 Provides the ifluatex switch (HO)
Package ifluatex Info: LuaTeX not detected.
)
(/usr/share/texmf-dist/tex/generic/oberdiek/ifpdf.sty
Package: ifpdf 2011/01/30 v2.3 Provides the ifpdf switch (HO)
Package ifpdf Info: pdfTeX in PDF mode is detected.
)
Package pdftexcmds Info: LuaTeX not detected.
Package pdftexcmds Info: \pdf@primitive is available.
Package pdftexcmds Info: \pdf@ifprimitive is available.
Package pdftexcmds Info: \pdfdraftmode found.
)
(/usr/share/texmf-dist/tex/latex/oberdiek/epstopdf-base.sty
Package: epstopdf-base 2010/02/09 v2.5 Base part for package epstopdf

(/usr/share/texmf-dist/tex/latex/oberdiek/grfext.sty
Package: grfext 2010/08/19 v1.1 Manage graphics extensions (HO)

(/usr/share/texmf-dist/tex/generic/oberdiek/kvdefinekeys.sty
Package: kvdefinekeys 2011/04/07 v1.3 Define keys (HO)
))
(/usr/share/texmf-dist/tex/latex/oberdiek/kvoptions.sty
Package: kvoptions 2011/06/30 v3.11 Key value format for package options (HO)

(/usr/share/texmf-dist/tex/generic/oberdiek/kvsetkeys.sty
Package: kvsetkeys 2012/04/25 v1.16 Key value parser (HO)

(/usr/share/texmf-dist/tex/generic/oberdiek/etexcmds.sty
Package: etexcmds 2011/02/16 v1.5 Avoid name clashes with e-TeX commands (HO)
Package etexcmds Info: Could not find \expanded.
(etexcmds)             That can mean that you are not using pdfTeX 1.50 or
(etexcmds)             that some package has redefined \expanded.
(etexcmds)             In the latter case, load this package earlier.
)))
Package grfext Info: Graphics extension search list:
(grfext)             [.png,.pdf,.jpg,.mps,.jpeg,.jbig2,.jb2,.PNG,.PDF,.JPG,.JPE
G,.JBIG2,.JB2,.eps]
(grfext)             \AppendGraphicsExtensions on input line 452.

(/usr/share/texmf-dist/tex/latex/latexconfig/epstopdf-sys.cfg
File: epstopdf-sys.cfg 2010/07/13 v1.3 Configuration of (r)epstopdf for TeX Liv
e
))
\openout2 = `fatfront.aux'.

 (./fatfront.tex

! LaTeX Error: ERROR! PostScript file /usr/local/lib/tex/ps/cern15.eps not foun
d.

See the LaTeX manual or LaTeX Companion for explanation.
Type  H <return>  for immediate help.
 ...                                              
                                                  
l.20 .../local/lib/tex/ps/cern15.eps,height=30mm}}
                                                  %
You tried to include a PostScript figure which cannot be found
If you press return to carry on anyway,
 The failed name will be printed in place of the figure.
 or type X to quit

<(draft only) NO FILE: /usr/local/lib/tex/ps/cern15.eps>
LaTeX Font Info:    Font shape `OT1/ptm/bx/n' in size <14.4> not available
(Font)              Font shape `OT1/ptm/b/n' tried instead on input line 22.
[1

\openout3 = `fatmain.KUIP'.


{/home/antonio/.texlive/texmf-var/fonts/map/pdftex/updmap/pdftex.map}
Non-PDF special ignored!
Non-PDF special ignored!]
LaTeX Font Info:    Font shape `OT1/ptm/bx/n' in size <10.95> not available
(Font)              Font shape `OT1/ptm/b/n' tried instead on input line 86.
LaTeX Font Info:    Try loading font information for OMS+ptm on input line 86.
 (/usr/share/texmf-dist/tex/latex/psnfss/omsptm.fd
File: omsptm.fd 
)
LaTeX Font Info:    Font shape `OMS/ptm/m/n' in size <10.95> not available
(Font)              Font shape `OMS/cmsy/m/n' tried instead on input line 86.
LaTeX Font Info:    External font `cmex10' loaded for size
(Font)              <10.95> on input line 86.
LaTeX Font Info:    External font `cmex10' loaded for size
(Font)              <8> on input line 86.
LaTeX Font Info:    External font `cmex10' loaded for size
(Font)              <6> on input line 86.

[2]
LaTeX Font Info:    Font shape `OT1/ptm/bx/n' in size <12> not available
(Font)              Font shape `OT1/ptm/b/n' tried instead on input line 107.
LaTeX Font Info:    External font `cmex10' loaded for size
(Font)              <9> on input line 156.
LaTeX Font Info:    External font `cmex10' loaded for size
(Font)              <5> on input line 156.
 [1] [2] (./fatmain.toc [3] [4] [5] [6] [7] [8])
\tf@toc=\write5
\openout5 = `fatmain.toc'.

 [9] (./fatmain.lof)
\tf@lof=\write6
\openout6 = `fatmain.lof'.


(./fatmain.lot)
\tf@lot=\write7
\openout7 = `fatmain.lot'.

) [10]
LaTeX Font Info:    Font shape `OT1/ptm/bx/n' in size <20.74> not available
(Font)              Font shape `OT1/ptm/b/n' tried instead on input line 36.
LaTeX Font Info:    Font shape `OT1/ptm/bx/n' in size <24.88> not available
(Font)              Font shape `OT1/ptm/b/n' tried instead on input line 36.
 [1


]
\openout2 = `fatover.aux'.

 (./fatover.tex
Chapter 1.
[2


] [3] [4]
Chapter 2.
[5

]
Chapter 3.
LaTeX Font Info:    Font shape `OT1/ptm/bx/n' in size <9> not available
(Font)              Font shape `OT1/ptm/b/n' tried instead on input line 271.
[6

] [7]
Overfull \hbox (0.32683pt too wide) in paragraph at lines 432--437
[]\OT1/ptm/m/n/10.95 For in-di-vid-ual tape vol-umes, this in-for-ma-tion can b
e over-rid-den by pro-vid-ing a user exit FMUTMS.
 []

<fatfig0.eps>

LaTeX Warning: Float too large for page by 1.06598pt on input line 475.

<fatfig1.eps>
<fatfig2.eps>
[8] [9] [10
Non-PDF special ignored!] [11
Non-PDF special ignored!
Non-PDF special ignored!]
Chapter 4.
[12

]) [13] [14


]
\openout2 = `fattutr.aux'.

 (./fattutr.tex
Chapter 5.
[15


] [16]
Overfull \hbox (10.84679pt too wide) in paragraph at lines 188--193
\OT1/ptm/m/n/10.95 per-i-ment. This will cre-ate a file called \OT1/cmtt/m/n/10
.95 MUSIC.FATRZ \OT1/ptm/m/n/10.95 and all generic names will start \OT1/cmtt/m
/n/10.95 //MUSIC/CLASSICAL\OT1/ptm/m/n/10.95 . 
 []


Overfull \hbox (3.56729pt too wide) in paragraph at lines 204--213
\OT1/ptm/m/n/10.95 then have very read-able generic-names, e.g. \OT1/cmtt/m/n/1
0.95 //MUSIC/CLASSICAL/BEETHOVEN/SYMPHONIES/NUMBER9\OT1/ptm/m/n/10.95 ,
 []

[17] [18] [19]
Underfull \vbox (badness 10000) has occurred while \output is active []

 [20]
Underfull \vbox (badness 10000) has occurred while \output is active []

 [21]
LaTeX Font Info:    Font shape `OT1/cmtt/bx/n' in size <9> not available
(Font)              Font shape `OT1/cmtt/m/n' tried instead on input line 588.

[22] [23] [24]
Underfull \vbox (badness 10000) has occurred while \output is active []

 [25]
Overfull \hbox (20.82295pt too wide) in paragraph at lines 812--818
[]\OT1/ptm/m/n/10.95 On VM sys-tems, a FILEDEF on unit FT11F001 point-ing to th
e dataset ref-er-enced by //cern/cndiv/jamie.
 []

[26]
Overfull \hbox (17.4514pt too wide) in paragraph at lines 919--921
\OT1/ptm/m/n/10.95 An en-try for the cor-re-spond-ing de-vice must ex-ist in th
e file \OT1/cmtt/m/n/10.95 /etc/shift.conf \OT1/ptm/m/n/10.95 or in the file \O
T1/cmtt/m/n/10.95 /etc/TPCONFIG\OT1/ptm/m/n/10.95 . 
 []

[27] [28] [29] [30]
Underfull \vbox (badness 10000) has occurred while \output is active []

 [31]
[32] [33] [34]
Underfull \vbox (badness 10000) has occurred while \output is active []

 [35]
[36]
Underfull \vbox (badness 10000) has occurred while \output is active []

 [37]
[38]
Underfull \vbox (badness 10000) has occurred while \output is active []

 [39]
[40] [41] [42] [43]
Underfull \vbox (badness 10000) has occurred while \output is active []

 [44]
Underfull \vbox (badness 10000) has occurred while \output is active []

 [45])
[46] [47


]
\openout2 = `fatuser.aux'.

 (./fatuser.tex
Chapter 6.
[48


]
Overfull \hbox (22.38986pt too wide) in paragraph at lines 108--116
\OT1/ptm/m/n/10.95 Given the generic name \OT1/cmtt/m/n/10.95 //CERN/DELPHI/P01
_ALLD/CDST/S2PR/Y91V02/E091.3/L0678/R023808F01C1
 []

[49]
Chapter 7.
LaTeX Font Info:    Font shape `OT1/ptm/bx/n' in size <10> not available
(Font)              Font shape `OT1/ptm/b/n' tried instead on input line 124.
[50

]
Underfull \hbox (badness 10000) in paragraph at lines 209--209
[]|\OT1/cmtt/m/n/10.95 (GENAM,VSN,VID,FSEQ,DSN,FFORM,CPLEV,HOST,RECFM,LRECL,LBL
OCK,
 []

[51]
Underfull \hbox (badness 10000) in paragraph at lines 271--271
[]|\OT1/cmtt/m/n/10.95 (GENAM,DSN,FFORM,CPLEV,HOST,RECFM,LRECL,LBLOCK,
 []

[52]
Overfull \hbox (46.27074pt too wide) in paragraph at lines 382--384
[]\OT1/ptm/m/n/10.95 This rou-tine copies the vec-tor IVECT into the FAT-MEN ba
nk re-served for ma-nip-u-la-tion with FMADDD[]/FMADDT[],
 []

[53] [54] [55]
LaTeX Font Info:    Font shape `OT1/cmtt/bx/n' in size <10.95> not available
(Font)              Font shape `OT1/cmtt/m/n' tried instead on input line 591.
 [56] [57] [58] [59] [60] [61] [62] [63] [64] [65] [66]
Overfull \hbox (11.37375pt too wide) in paragraph at lines 1273--1276
[]\OT1/ptm/m/n/10.95 Stage wHole tape. This op-tion is ig-nored un-less run-nin
g on a VAX/VMS sys-tem us-ing the \OT1/cmtt/m/n/10.95 VAXTAP \OT1/ptm/m/n/10.95
 [[]]
 []

[67] [68] [69] [70] [71] [72] [73] [74] [75] [76] [77] [78] [79] [80] [81]
[82] [83] [84] [85] [86] [87] [88] [89] [90]
Underfull \vbox (badness 10000) has occurred while \output is active []

 [91]
[92]
Overfull \hbox (3.66475pt too wide) in paragraph at lines 2996--2999
[]\OT1/ptm/m/n/10.95 Character ar-ray of length NMEDIA spec-i-fy-ing the de-fau
lt mount type (M=manual, R=robotic)
 []


Overfull \hbox (6.34651pt too wide) in paragraph at lines 3000--3002
[]\OT1/ptm/m/n/10.95 Character ar-ray of length NMEDIA spec-i-fy-ing the de-fau
lt la-bel type (SL=IBM la-bels, AL=ansi
 []

[93] [94] [95]
Overfull \hbox (3.66475pt too wide) in paragraph at lines 3115--3118
[]\OT1/ptm/m/n/10.95 Character ar-ray of length NMEDIA spec-i-fy-ing the de-fau
lt mount type (M=manual, R=robotic)
 []


Overfull \hbox (6.34651pt too wide) in paragraph at lines 3119--3121
[]\OT1/ptm/m/n/10.95 Character ar-ray of length NMEDIA spec-i-fy-ing the de-fau
lt la-bel type (SL=IBM la-bels, AL=ansi
 []

[96] [97] [98] [99]

LaTeX Font Warning: Font shape `OMS/ptm/bx/n' undefined
(Font)              using `OMS/ptm/m/n' instead
(Font)              for symbol `textbullet' on input line 3412.

LaTeX Font Info:    Font shape `OMS/ptm/bx/n' in size <10.95> not available
(Font)              Font shape `OMS/cmsy/m/n' tried instead on input line 3415.

[100] [101] [102]
Underfull \vbox (badness 10000) has occurred while \output is active []

 [103]
Underfull \vbox (badness 10000) has occurred while \output is active []

 [104]
[105] [106] [107] [108] [109] [110] [111] [112] [113] [114] [115] [116]
Underfull \vbox (badness 10000) has occurred while \output is active []

 [117]
Underfull \vbox (badness 10000) has occurred while \output is active []

 [118]
[119]
Chapter 8.

Overfull \hbox (3.51143pt too wide) in paragraph at lines 4553--4559
\OT1/ptm/m/n/10.95 The com-mand line in-ter-face con-sists of a set of Unix-lik
e com-mands and is based on the KUIP package[[]].
 []


Overfull \hbox (8.65732pt too wide) in paragraph at lines 4553--4559
\OT1/ptm/m/n/10.95 READ on VM etc). For in-stance, to ob-tain a di-rec-tory lis
t-ing of \OT1/cmtt/m/n/10.95 //cern/electra/rawdata/p1b90/run1
 []


Underfull \hbox (badness 10000) in paragraph at lines 4564--4564
[]|\OT1/cmtt/m/n/10.95 POOL LIBRARY GNAME DSN FFORM CPLEV HOSTN [COMM] [RECFM] 
[LRECL]
 []


Underfull \hbox (badness 10000) in paragraph at lines 4586--4586
[]|\OT1/cmtt/m/n/10.95 GNAME DSN FFORM CPLEV HOSTN [COMM] [RECFM] [LRECL] [BLOC
K] [FSIZE]
 []


Underfull \hbox (badness 10000) in paragraph at lines 4586--4586
\OT1/cmtt/m/n/10.95 [LOCCOD] [USER1] [USER2] [USER3] [USER4] [USER5] [USER6] [U
SER7]
 []

[120

]
Underfull \hbox (badness 10000) in paragraph at lines 4614--4614
[]|\OT1/cmtt/m/n/10.95 VSN VID FSEQ GNAME DSN FFORM CPLEV HOSTN [COMM] [RECFM] 
[LRECL]
 []


Underfull \hbox (badness 10000) in paragraph at lines 4614--4614
\OT1/cmtt/m/n/10.95 [BLOCK] [FSIZE] [MEDIA] [LOCCOD] [USER1] [USER2] [USER3] [U
SER4]
 []

[121] [122]
Overfull \hbox (34.35799pt too wide) in paragraph at lines 4727--4732
\OT1/ptm/m/n/10.95 must pre-vi-ously have been set us-ing the SET/SOURCE[] and 
SET/DESTINATION[]
 []

[123] [124] [125]
Overfull \hbox (21.00934pt too wide) in paragraph at lines 4914--4916
[]\OT1/ptm/m/n/10.95 FATMEN au-to-mat-i-cally looks for and ex-e-cutes the file
s \OT1/cmtt/m/n/10.95 FATSYS.KUMAC, FATGRP.KUMAC, FATUSER.KUMAC
 []

[126] [127] [128]
Underfull \hbox (badness 10000) in paragraph at lines 5034--5034
[]|\OT1/cmtt/m/n/10.95 CHSRCE CHTRGT [CHCOMM] [IW1] [IW2] [IW3] [IW4] [IW5] [IW
6] [IW7] [IW8]
 []

[129] [130] [131]
Underfull \hbox (badness 10000) in paragraph at lines 5267--5267
[]|\OT1/cmtt/m/n/10.95 GNAME [KSN] [LOCCOD] [DATREP] [MEDTYP] [FFORM] [RECFM] [
RECL]
 []

[132] [133] [134] [135]
Underfull \hbox (badness 10000) in paragraph at lines 5440--5440
[]|\OT1/cmtt/m/n/10.95 GNAME [DSN] [HOST] [VID] [USER] [OUTPUT] [NMATCH] [CREAT
ED]
 []

[136] [137]
Underfull \hbox (badness 10000) in paragraph at lines 5591--5591
[]|\OT1/cmtt/m/n/10.95 GNAME [NLEVELS] [DSN] [HOST] [VID] [USER] [OUTPUT] [NMAT
CH] [CREATED]
 []

[138] [139] [140] [141]
Underfull \hbox (badness 10000) in paragraph at lines 5814--5814
[]|\OT1/cmtt/m/n/10.95 [UWORD1] [UWORD2] [UWORD3] [UWORD4] [UWORD5] [UWORD6]
 []

[142] [143] [144] [145] [146] [147] [148] [149] [150]) [151] [152


]
\openout2 = `fatinst.aux'.


(./fatinst.tex
Chapter 9.
[153


]
Chapter 10.
[154

] [155] [156] [157]
Chapter 11.
[158

] [159]
Chapter 12.

Overfull \hbox (9.70816pt too wide) in paragraph at lines 528--534
\OT1/ptm/m/n/10.95 names file. On non-VM sys-tems, these files are pro-cessed u
s-ing the FOR-TRAN callable rou-tine, NAMEFD,
 []


Overfull \hbox (12.36008pt too wide) in paragraph at lines 582--592
\OT1/ptm/m/n/10.95 server de-fined by the name FAT-CAT, whereas only up-dates r
e-fer-ring to names be-gin-ning //CERN/SMC/DST
 []

[160

] [161] [162]
Chapter 13.
[163

] [164]
Chapter 14.

Overfull \hbox (11.61398pt too wide) in paragraph at lines 806--809
\OT1/ptm/m/n/10.95 FATMEN in-ter-faces to the CERN Pro-gram Li-brary pack-age V
AX-TAP to pro-vide tape sup-port on VAX/VMS
 []

[165

] [166]
Chapter 15.
[167

]
Overfull \hbox (45.6001pt too wide) in paragraph at lines 978--978
[]\OT1/cmtt/m/n/9 12:45:19 * MSG FROM FMCHARM2: LABEL  VDEV M STAT CYL TYPE BLK
SIZE FILES  BLKS USED-(%) BLKS LEFT BLK TOTAL[] 
 []


Overfull \hbox (45.6001pt too wide) in paragraph at lines 979--979
[]\OT1/cmtt/m/n/9 12:45:19 * MSG FROM FMCHARM2: CHARM2 191  A R/W   20 3380    
4096     6       35-01         2961      3000[] 
 []

[168]
Overfull \hbox (6.63023pt too wide) in paragraph at lines 1055--1055
[]\OT1/cmtt/m/n/9 REM ***         2) TMS later substitutes Volumes_[] 
 []


Overfull \hbox (30.25496pt too wide) in paragraph at lines 1057--1057
[]\OT1/cmtt/m/n/9 CREATE TABLE GNames_throng ( GName CHAR(240) NOT NULL,[] 
 []


Overfull \hbox (6.63023pt too wide) in paragraph at lines 1058--1058
[]                             \OT1/cmtt/m/n/9 GN# NUMBER NOT NULL)[] 
 []


Overfull \hbox (11.35518pt too wide) in paragraph at lines 1060--1060
[]\OT1/cmtt/m/n/9 CREATE TABLE Files_throng ( File# NUMBER NOT NULL,[] 
 []


Overfull \hbox (1.90529pt too wide) in paragraph at lines 1061--1061
[]                            \OT1/cmtt/m/n/9 GN# NUMBER NOT NULL,[] 
 []


Overfull \hbox (44.4298pt too wide) in paragraph at lines 1062--1062
[]                            \OT1/cmtt/m/n/9 Copylevel NUMBER(2) NOT NULL,[] 
 []


Overfull \hbox (25.53001pt too wide) in paragraph at lines 1063--1063
[]                            \OT1/cmtt/m/n/9 Location NUMBER NOT NULL,[] 
 []


Overfull \hbox (30.25496pt too wide) in paragraph at lines 1064--1064
[]                            \OT1/cmtt/m/n/9 Hostname CHAR(8) NOT NULL,[] 
 []


Overfull \hbox (39.70485pt too wide) in paragraph at lines 1065--1065
[]                            \OT1/cmtt/m/n/9 Fullname CHAR(240) NOT NULL,[] 
 []


Overfull \hbox (39.70485pt too wide) in paragraph at lines 1068--1068
[]                            \OT1/cmtt/m/n/9 Fileformat CHAR(4) NOT NULL,[] 
 []


Overfull \hbox (20.80507pt too wide) in paragraph at lines 1080--1080
[]                            \OT1/cmtt/m/n/9 Active CHAR(1) NOT NULL,[] 
 []


Overfull \hbox (1.90529pt too wide) in paragraph at lines 1081--1081
[]                            \OT1/cmtt/m/n/9 Creatorname CHAR(8),[] 
 []


Overfull \hbox (16.08012pt too wide) in paragraph at lines 1082--1082
[]                            \OT1/cmtt/m/n/9 Creatoraccount CHAR(8),[] 
 []


Overfull \hbox (1.90529pt too wide) in paragraph at lines 1083--1083
[]                            \OT1/cmtt/m/n/9 Creatornode CHAR(8),[] 
 []


Overfull \hbox (6.63023pt too wide) in paragraph at lines 1085--1085
[]                            \OT1/cmtt/m/n/9 Protection NUMBER(2),[] 
 []


Overfull \hbox (1.90529pt too wide) in paragraph at lines 1113--1113
[]\OT1/cmtt/m/n/9 CREATE TABLE FXV_throng ( File# NUMBER NOT NULL,[] 
 []


Overfull \hbox (16.08012pt too wide) in paragraph at lines 1114--1114
[]                          \OT1/cmtt/m/n/9 Fileseq# NUMBER NOT NULL,[] 
 []


Overfull \hbox (16.08012pt too wide) in paragraph at lines 1118--1118
[]\OT1/cmtt/m/n/9 CREATE TABLE Volumes_throng ( Vol# NUMBER NOT NULL,[] 
 []


Overfull \hbox (16.08012pt too wide) in paragraph at lines 1119--1119
[]                              \OT1/cmtt/m/n/9 VSN CHAR(6) NOT NULL,[] 
 []


Overfull \hbox (16.08012pt too wide) in paragraph at lines 1120--1120
[]                              \OT1/cmtt/m/n/9 VID CHAR(6) NOT NULL,[] 
 []


Underfull \vbox (badness 10000) has occurred while \output is active []

 [169]
Overfull \hbox (47.33476pt too wide) in paragraph at lines 1143--1143
[]\OT1/cmtt/m/n/9 CREATE TABLE GNames_throng ( GName CHAR(240) NOT NULL,   -[] 

 []


Overfull \hbox (9.5352pt too wide) in paragraph at lines 1144--1144
[]                             \OT1/cmtt/m/n/9 GN# INTEGER NOT NULL)[] 
 []


Overfull \hbox (47.33476pt too wide) in paragraph at lines 1145--1145
[]\OT1/cmtt/m/n/9 CREATE TABLE Files_throng ( File# INTEGER NOT NULL,      -[] 

 []


Overfull \hbox (47.33476pt too wide) in paragraph at lines 1146--1146
[]                            \OT1/cmtt/m/n/9 GN# INTEGER NOT NULL,        -[] 

 []


Overfull \hbox (47.33476pt too wide) in paragraph at lines 1147--1147
[]                            \OT1/cmtt/m/n/9 Copylevel INTEGER NOT NULL,  -[] 

 []


Overfull \hbox (47.33476pt too wide) in paragraph at lines 1148--1148
[]                            \OT1/cmtt/m/n/9 Location INTEGER NOT NULL,   -[] 

 []


Overfull \hbox (47.33476pt too wide) in paragraph at lines 1149--1149
[]                            \OT1/cmtt/m/n/9 Hostname CHAR(8) NOT NULL,   -[] 

 []


Overfull \hbox (47.33476pt too wide) in paragraph at lines 1150--1150
[]                            \OT1/cmtt/m/n/9 Fullname CHAR(240) NOT NULL, -[] 

 []


Overfull \hbox (47.33476pt too wide) in paragraph at lines 1151--1151
[]                            \OT1/cmtt/m/n/9 Hosttype CHAR(16),           -[] 

 []


Overfull \hbox (47.33476pt too wide) in paragraph at lines 1152--1152
[]                            \OT1/cmtt/m/n/9 Opersys CHAR(12),            -[] 

 []


Overfull \hbox (47.33476pt too wide) in paragraph at lines 1153--1153
[]                            \OT1/cmtt/m/n/9 Fileformat CHAR(4) NOT NULL, -[] 

 []


Overfull \hbox (47.33476pt too wide) in paragraph at lines 1154--1154
[]                            \OT1/cmtt/m/n/9 Userformat CHAR(4),          -[] 

 []


Overfull \hbox (47.33476pt too wide) in paragraph at lines 1155--1155
[]                            \OT1/cmtt/m/n/9 Startrec# INTEGER,           -[] 

 []


Overfull \hbox (47.33476pt too wide) in paragraph at lines 1156--1156
[]                            \OT1/cmtt/m/n/9 Endrec# INTEGER,             -[] 

 []


Overfull \hbox (47.33476pt too wide) in paragraph at lines 1157--1157
[]                            \OT1/cmtt/m/n/9 Startblk# INTEGER,           -[] 

 []


Overfull \hbox (47.33476pt too wide) in paragraph at lines 1158--1158
[]                            \OT1/cmtt/m/n/9 Endblk# INTEGER,             -[] 

 []


Overfull \hbox (47.33476pt too wide) in paragraph at lines 1159--1159
[]                            \OT1/cmtt/m/n/9 Recformat CHAR(4),           -[] 

 []


Overfull \hbox (47.33476pt too wide) in paragraph at lines 1160--1160
[]                            \OT1/cmtt/m/n/9 Reclength INTEGER,           -[] 

 []


Overfull \hbox (47.33476pt too wide) in paragraph at lines 1161--1161
[]                            \OT1/cmtt/m/n/9 Blklength INTEGER,           -[] 

 []


Overfull \hbox (47.33476pt too wide) in paragraph at lines 1162--1162
[]                            \OT1/cmtt/m/n/9 Creation DATE,               -[] 

 []


Overfull \hbox (47.33476pt too wide) in paragraph at lines 1163--1163
[]                            \OT1/cmtt/m/n/9 Catalogation DATE,           -[] 

 []


Overfull \hbox (47.33476pt too wide) in paragraph at lines 1164--1164
[]                            \OT1/cmtt/m/n/9 Lastaccess DATE,             -[] 

 []


Overfull \hbox (47.33476pt too wide) in paragraph at lines 1165--1165
[]                            \OT1/cmtt/m/n/9 Active CHAR(1) NOT NULL      -[] 

 []


Overfull \hbox (47.33476pt too wide) in paragraph at lines 1166--1166
[]                            \OT1/cmtt/m/n/9 Creatorname CHAR(8),         -[] 

 []


Overfull \hbox (47.33476pt too wide) in paragraph at lines 1167--1167
[]                            \OT1/cmtt/m/n/9 Creatoraccount CHAR(8),      -[] 

 []


Overfull \hbox (47.33476pt too wide) in paragraph at lines 1168--1168
[]                            \OT1/cmtt/m/n/9 Creatornode CHAR(8),         -[] 

 []


Overfull \hbox (47.33476pt too wide) in paragraph at lines 1169--1169
[]                            \OT1/cmtt/m/n/9 Creatorjob CHAR(8),          -[] 

 []


Overfull \hbox (9.5352pt too wide) in paragraph at lines 1170--1170
[]                            \OT1/cmtt/m/n/9 Protection INTEGER(2))[] 
 []


Overfull \hbox (212.70784pt too wide) in paragraph at lines 1175--1175
[]\OT1/cmtt/m/n/9 Alter table files_throng add (Userword0 INTEGER,         -   
                               -[] 
 []


Overfull \hbox (47.33476pt too wide) in paragraph at lines 1176--1176
[]                              \OT1/cmtt/m/n/9 Userword1 INTEGER,         -[] 

 []


Overfull \hbox (47.33476pt too wide) in paragraph at lines 1177--1177
[]                              \OT1/cmtt/m/n/9 Userword2 INTEGER,         -[] 

 []


Overfull \hbox (47.33476pt too wide) in paragraph at lines 1178--1178
[]                              \OT1/cmtt/m/n/9 Userword3 INTEGER,         -[] 

 []


Overfull \hbox (47.33476pt too wide) in paragraph at lines 1179--1179
[]                              \OT1/cmtt/m/n/9 Userword4 INTEGER,         -[] 

 []


Overfull \hbox (47.33476pt too wide) in paragraph at lines 1180--1180
[]                              \OT1/cmtt/m/n/9 Userword5 INTEGER,         -[] 

 []


Overfull \hbox (47.33476pt too wide) in paragraph at lines 1181--1181
[]                              \OT1/cmtt/m/n/9 Userword6 INTEGER,         -[] 

 []


Overfull \hbox (47.33476pt too wide) in paragraph at lines 1182--1182
[]                              \OT1/cmtt/m/n/9 Userword7 INTEGER,         -[] 

 []


Overfull \hbox (47.33476pt too wide) in paragraph at lines 1183--1183
[]                              \OT1/cmtt/m/n/9 Userword8 INTEGER,         -[] 

 []


Overfull \hbox (47.33476pt too wide) in paragraph at lines 1184--1184
[]                              \OT1/cmtt/m/n/9 Userword9 INTEGER,         -[] 

 []


Overfull \hbox (47.33476pt too wide) in paragraph at lines 1185--1185
[]                              \OT1/cmtt/m/n/9 Sysword0 INTEGER,          -[] 

 []


Overfull \hbox (47.33476pt too wide) in paragraph at lines 1186--1186
[]                              \OT1/cmtt/m/n/9 Sysword1 INTEGER,          -[] 

 []


Overfull \hbox (47.33476pt too wide) in paragraph at lines 1187--1187
[]                              \OT1/cmtt/m/n/9 Sysword2 INTEGER,          -[] 

 []


Overfull \hbox (47.33476pt too wide) in paragraph at lines 1188--1188
[]                              \OT1/cmtt/m/n/9 Sysword3 INTEGER,          -[] 

 []


Overfull \hbox (47.33476pt too wide) in paragraph at lines 1189--1189
[]                              \OT1/cmtt/m/n/9 Sysword4 INTEGER,          -[] 

 []


Overfull \hbox (47.33476pt too wide) in paragraph at lines 1190--1190
[]                              \OT1/cmtt/m/n/9 Sysword5 INTEGER,          -[] 

 []


Overfull \hbox (47.33476pt too wide) in paragraph at lines 1191--1191
[]                              \OT1/cmtt/m/n/9 Sysword6 INTEGER,          -[] 

 []


Overfull \hbox (47.33476pt too wide) in paragraph at lines 1192--1192
[]                              \OT1/cmtt/m/n/9 Sysword7 INTEGER,          -[] 

 []


Overfull \hbox (47.33476pt too wide) in paragraph at lines 1193--1193
[]                              \OT1/cmtt/m/n/9 Sysword8 INTEGER,          -[] 

 []


Overfull \hbox (47.33476pt too wide) in paragraph at lines 1194--1194
[]                              \OT1/cmtt/m/n/9 Sysword9 INTEGER,          -[] 

 []


Overfull \hbox (47.33476pt too wide) in paragraph at lines 1195--1195
[]                              \OT1/cmtt/m/n/9 Comments CHAR(80),         -[] 

 []


Overfull \hbox (47.33476pt too wide) in paragraph at lines 1197--1197
[]\OT1/cmtt/m/n/9 CREATE TABLE FXV_throng ( File# INTEGER NOT NULL,        -[] 

 []


Overfull \hbox (47.33476pt too wide) in paragraph at lines 1198--1198
[]                          \OT1/cmtt/m/n/9 Fileseq# INTEGER NOT NULL,     -[] 

 []


Overfull \hbox (47.33476pt too wide) in paragraph at lines 1199--1199
[]                          \OT1/cmtt/m/n/9 Vol# INTEGER NOT NULL,         -[] 

 []


Overfull \hbox (47.33476pt too wide) in paragraph at lines 1201--1201
[]\OT1/cmtt/m/n/9 CREATE TABLE Volumes_throng ( Vol# INTEGER NOT NULL,     -[] 

 []


Overfull \hbox (47.33476pt too wide) in paragraph at lines 1202--1202
[]                              \OT1/cmtt/m/n/9 VSN CHAR(6) NOT NULL,      -[] 

 []


Overfull \hbox (47.33476pt too wide) in paragraph at lines 1203--1203
[]                              \OT1/cmtt/m/n/9 VID CHAR(6) NOT NULL,      -[] 

 []


Overfull \hbox (47.33476pt too wide) in paragraph at lines 1204--1204
[]                              \OT1/cmtt/m/n/9 VIDprefix INTEGER,         -[] 

 []


Underfull \vbox (badness 10000) has occurred while \output is active []

 [170]
[171]
Chapter 16.
[172

]
Chapter 17.

Overfull \hbox (12.28197pt too wide) in paragraph at lines 1256--1288
\OT1/ptm/m/n/10.95 pam-file. In gen-eral, it is suf-fi-cient to \OT1/cmtt/m/n/1
0.95 +USE \OT1/ptm/m/n/10.95 the pi-lot patch plus the tar-get ma-chine, e.g. +
USE,*FATLIB,IBM.
 []

[173

] [174] [175]
Underfull \vbox (badness 10000) has occurred while \output is active []

 [176]
Underfull \vbox (badness 10000) has occurred while \output is active []

 [177]
[178] [179] [180]
Chapter 18.
[181

]
Underfull \vbox (badness 10000) has occurred while \output is active []

 [182]
[183] [184]) [185]
\openout2 = `fatappen.aux'.

 (./fatappen.tex
Appendix A.
[186



] [187] [188]
Appendix B.
[189

]
Missing character: There is no ß in font cmtt9!
Missing character: There is no à in font cmtt9!

Overfull \hbox (45.6001pt too wide) in paragraph at lines 290--290
[]              \OT1/cmtt/m/n/9 0            1         3835           47       
     0            1         1030           10[] 
 []


Overfull \hbox (45.6001pt too wide) in paragraph at lines 291--291
[]     \OT1/cmtt/m/n/9 1297762113   1378951200   -538967201            0       
    19    981191424        12309       930127[] 
 []


Overfull \hbox (45.6001pt too wide) in paragraph at lines 292--292
[]           \OT1/cmtt/m/n/9 1428          180            0         1019       
   644          645          646          647[] 
 []


Overfull \hbox (45.6001pt too wide) in paragraph at lines 293--293
[]            \OT1/cmtt/m/n/9 648          649          650          651       
   652          653          654          655[] 
 []


Overfull \hbox (45.6001pt too wide) in paragraph at lines 294--294
[]            \OT1/cmtt/m/n/9 656          657         3742         3836       
   203          204          205          206[] 
 []


Overfull \hbox (45.6001pt too wide) in paragraph at lines 295--295
[]       \OT1/cmtt/m/n/9 00000000     00000001     00000EFB     0000002F     00
000000     00000001     00000406     0000000A[] 
 []


Overfull \hbox (45.6001pt too wide) in paragraph at lines 296--296
[]       \OT1/cmtt/m/n/9 4D5A4741     52312020     DFE0035F     00000000     00
000013     3A7BCB00     00003015     000E314F[] 
 []


Overfull \hbox (45.6001pt too wide) in paragraph at lines 297--297
[]       \OT1/cmtt/m/n/9 00000594     000000B4     00000000     000003FB     00
000284     00000285     00000286     00000287[] 
 []


Overfull \hbox (45.6001pt too wide) in paragraph at lines 298--298
[]       \OT1/cmtt/m/n/9 00000288     00000289     0000028A     0000028B     00
00028C     0000028D     0000028E     0000028F[] 
 []


Overfull \hbox (45.6001pt too wide) in paragraph at lines 299--299
[]       \OT1/cmtt/m/n/9 00000290     00000291     00000E9E     00000EFC     00
0000CB     000000CC     000000CD     000000CE[] 
 []


Overfull \hbox (21.88605pt too wide) in paragraph at lines 311--314
[]\OT1/ptm/m/n/10.95 In the above ex-am-ple, we clearly see that there are prob
-lems in the di-rec-tory \OT1/cmtt/m/n/10.95 //CERN/L3/PROD/DATA/SDRETT
 []

[190]
Overfull \hbox (88.1246pt too wide) in paragraph at lines 348--348
[] \OT1/cmtt/m/n/9 Key serial number =   1670 filename = CC02HJ66             d
ata repr. =   0 media type =  2 location code =      1[] 
 []

[191] [192]
Underfull \vbox (badness 10000) has occurred while \output is active []

 [193]
[194] [195]
Appendix C.
[196

] [197] [198]
Appendix D.

Underfull \hbox (badness 10000) in paragraph at lines 834--834
[]|\OT1/cmtt/m/n/10.95 (GENAME, CFQNFA,CHSNFA,ICPLFA,IMTPFA,ILOCFA,CHSTFA,CHOSF
A,
 []


Underfull \hbox (badness 10000) in paragraph at lines 834--834
\OT1/cmtt/m/n/10.95 CVSNFA,CVIDFA,IVIPFA,IDENFA,IVSQFA,IFSQFA,ISRDFA,
 []


Underfull \hbox (badness 10000) in paragraph at lines 834--834
\OT1/cmtt/m/n/10.95 IERDFA,ISBLFA,IEBLFA,CRFMFA,IRLNFA,IBLNFA,CFLFFA,
 []


Underfull \hbox (badness 10000) in paragraph at lines 834--834
\OT1/cmtt/m/n/10.95 CFUTFA,ICRTFA,ICTTFA,ILATFA,CCURFA,CCIDFA,CCNIFA,
 []

[199

]
Underfull \hbox (badness 10000) in paragraph at lines 897--897
[]|\OT1/cmtt/m/n/10.95 (GENAME, CFQNFA,CHSNFA,ICPLFA,IMTPFA,ILOCFA,CHSTFA,CHOSF
A,
 []


Underfull \hbox (badness 10000) in paragraph at lines 897--897
\OT1/cmtt/m/n/10.95 CVSNFA,CVIDFA,IVIPFA,IDENFA,IVSQFA,IFSQFA,ISRDFA,
 []


Underfull \hbox (badness 10000) in paragraph at lines 897--897
\OT1/cmtt/m/n/10.95 IERDFA,ISBLFA,IEBLFA,CRFMFA,IRLNFA,IBLNFA,CFLFFA,
 []


Underfull \hbox (badness 10000) in paragraph at lines 897--897
\OT1/cmtt/m/n/10.95 CFUTFA,ICRTFA,ICTTFA,ILATFA,CCURFA,CCIDFA,CCNIFA,
 []

[200] [201]
Appendix E.
[202

] [203] [204]
Appendix F.
[205

] [206] [207]
Underfull \vbox (badness 10000) has occurred while \output is active []

 [208]
Underfull \vbox (badness 10000) has occurred while \output is active []

 [209]
Underfull \vbox (badness 10000) has occurred while \output is active []

 [210]
Underfull \vbox (badness 10000) has occurred while \output is active []

 [211]
Underfull \vbox (badness 10000) has occurred while \output is active []

 [212]
Underfull \vbox (badness 10000) has occurred while \output is active []

 [213]
Underfull \vbox (badness 10000) has occurred while \output is active []

 [214]
Underfull \vbox (badness 10000) has occurred while \output is active []

 [215]
Underfull \vbox (badness 10000) has occurred while \output is active []

 [216]
Underfull \vbox (badness 10000) has occurred while \output is active []

 [217]
Underfull \vbox (badness 10000) has occurred while \output is active []

 [218]
Underfull \vbox (badness 10000) has occurred while \output is active []

 [219]
Underfull \vbox (badness 10000) has occurred while \output is active []

 [220]
[221]
Appendix G.
[222

]
Overfull \hbox (1.57266pt too wide) in alignment at lines 2056--2062
 [] [] 
 []


Overfull \hbox (1.57266pt too wide) in alignment at lines 2062--2068
 [] [] 
 []


Overfull \hbox (1.57266pt too wide) in alignment at lines 2068--2070
 [] [] 
 []


Overfull \hbox (1.57266pt too wide) in alignment at lines 2070--2091
 [] [] 
 []


Overfull \hbox (1.57266pt too wide) in alignment at lines 2091--2111
 [] [] 
 []


Overfull \hbox (1.57266pt too wide) in alignment at lines 2111--2131
 [] [] 
 []


Overfull \hbox (1.57266pt too wide) in alignment at lines 2131--2151
 [] [] 
 []

[223

]
Overfull \hbox (1.57266pt too wide) in alignment at lines 2151--2171
 [] [] 
 []


Overfull \hbox (1.57266pt too wide) in alignment at lines 2171--2191
 [] [] 
 []

[224]
Overfull \hbox (1.57266pt too wide) in alignment at lines 2191--2211
 [] [] 
 []


Overfull \hbox (1.57266pt too wide) in alignment at lines 2211--2221
 [] [] 
 []

[225] [226]
\Tonecol=\skip55
\myla=\skip56
\mylb=\skip57

Underfull \hbox (badness 10000) in paragraph at lines 2317--2317
[]|\OT1/ptm/b/n/10.95 Tape de-scrip-
 []


Underfull \hbox (badness 1137) in paragraph at lines 2332--2334
[]|\OT1/ptm/m/n/10.95 The vol-ume se-quence num-ber, only used for multi-
 []


Overfull \hbox (6.0pt too wide) in alignment at lines 2254--2343
 [] [] [] 
 []


Underfull \hbox (badness 10000) in paragraph at lines 2376--2376
[]|\OT1/ptm/b/n/10.95 Physical de-
 []


Underfull \hbox (badness 10000) in paragraph at lines 2401--2401
[]|\OT1/ptm/b/n/10.95 Creator in-for-
 []


Underfull \hbox (badness 7186) in paragraph at lines 2404--2407
[]|\OT1/ptm/m/n/10.95 The ac-count (\OT1/cmtt/m/n/10.95 UUUGG \OT1/ptm/m/n/10.9
5 or \OT1/cmtt/m/n/10.95 UUU$GG\OT1/ptm/m/n/10.95 ) of the cre-ator
 []


Overfull \hbox (6.0pt too wide) in alignment at lines 2343--2425
 [] [] [] 
 []

[227

]
LaTeX Font Info:    External font `cmex10' loaded for size
(Font)              <7> on input line 2451.

Overfull \hbox (7.6pt too wide) in alignment at lines 2425--2452
 [] [] [] 
 []

[228]

Package longtable Warning: Column widths have changed
(longtable)                in table G.3 on input line 2452.

[229] [230

] [231]) [232] (./fatmain.bbl) (./fatmain.ind [233


] [234

] [235]
[236] [237] [238] [239

])

Package longtable Warning: Table widths have changed. Rerun LaTeX.

(./fatmain.aux (./fatfront.aux) (./fatover.aux) (./fattutr.aux) (./fatuser.aux)
(./fatinst.aux) (./fatappen.aux))

LaTeX Font Warning: Some font shapes were not available, defaults substituted.


LaTeX Warning: Label(s) may have changed. Rerun to get cross-references right.

 ) 
Here is how much of TeX's memory you used:
 2977 strings out of 493109
 37527 string characters out of 6140856
 146363 words of memory out of 5000000
 6289 multiletter control sequences out of 15000+600000
 37366 words of font info for 69 fonts, out of 8000000 for 9000
 1141 hyphenation exceptions out of 8191
 37i,11n,26p,259b,428s stack positions out of 5000i,500n,10000p,200000b,80000s
{/usr/share/texmf-dist/fonts/enc/dvips/base/8r.enc}</usr/share/texmf-dist/fon
ts/type1/public/amsfonts/cm/cmr10.pfb></usr/share/texmf-dist/fonts/type1/public
/amsfonts/cm/cmr6.pfb></usr/share/texmf-dist/fonts/type1/public/amsfonts/cm/cmr
7.pfb></usr/share/texmf-dist/fonts/type1/public/amsfonts/cm/cmr8.pfb></usr/shar
e/texmf-dist/fonts/type1/public/amsfonts/cm/cmsy10.pfb></usr/share/texmf-dist/f
onts/type1/public/amsfonts/cm/cmsy7.pfb></usr/share/texmf-dist/fonts/type1/publ
ic/amsfonts/cm/cmsy8.pfb></usr/share/texmf-dist/fonts/type1/public/amsfonts/cm/
cmtcsc10.pfb></usr/share/texmf-dist/fonts/type1/public/amsfonts/cm/cmtt10.pfb><
/usr/share/texmf-dist/fonts/type1/public/amsfonts/cm/cmtt12.pfb></usr/share/tex
mf-dist/fonts/type1/public/amsfonts/cm/cmtt9.pfb></usr/share/texmf-dist/fonts/t
ype1/urw/times/utmb8a.pfb></usr/share/texmf-dist/fonts/type1/urw/times/utmr8a.p
fb></usr/share/texmf-dist/fonts/type1/urw/times/utmri8a.pfb>
Output written on fatmain.pdf (251 pages, 590534 bytes).
PDF statistics:
 871 PDF objects out of 1000 (max. 8388607)
 598 compressed objects within 6 object streams
 0 named destinations out of 1000 (max. 500000)
 1 words of extra memory for PDF output out of 10000 (max. 10000000)

