This is pdfTeX, Version 3.14159265-2.6-1.40.15 (TeX Live 2014/Arch Linux) (preloaded format=pdflatex 2015.7.21)  12 AUG 2015 11:29
entering extended mode
 restricted \write18 enabled.
 %&-line parsing enabled.
**hboomain.tex
(./hboomain.tex
LaTeX2e <2014/05/01>
Babel <3.9l> and hyphenation patterns for 79 languages loaded.
(/usr/share/texmf/tex/latex/cernman.cls
Document Class: cernman 1994/01/10
(/usr/share/texmf-dist/tex/latex/base/report.cls
Document Class: report 2014/09/29 v1.4h Standard LaTeX document class
(/usr/share/texmf-dist/tex/latex/base/size11.clo
File: size11.clo 2014/09/29 v1.4h Standard LaTeX file (size option)
)
\c@part=\count79
\c@chapter=\count80
\c@section=\count81
\c@subsection=\count82
\c@subsubsection=\count83
\c@paragraph=\count84
\c@subparagraph=\count85
\c@figure=\count86
\c@table=\count87
\abovecaptionskip=\skip41
\belowcaptionskip=\skip42
\bibindent=\dimen102
)
(/usr/share/texmf-dist/tex/latex/psnfss/pifont.sty
Package: pifont 2005/04/12 PSNFSS-v9.2a Pi font support (SPQR) 
LaTeX Font Info:    Try loading font information for U+pzd on input line 63.

(/usr/share/texmf-dist/tex/latex/psnfss/upzd.fd
File: upzd.fd 2001/06/04 font definitions for U/pzd.
)
LaTeX Font Info:    Try loading font information for U+psy on input line 64.

(/usr/share/texmf-dist/tex/latex/psnfss/upsy.fd
File: upsy.fd 2001/06/04 font definitions for U/psy.
))
(/usr/share/texmf-dist/tex/latex/graphics/color.sty
Package: color 2014/10/28 v1.1a Standard LaTeX Color (DPC)

(/usr/share/texmf-dist/tex/latex/latexconfig/color.cfg
File: color.cfg 2007/01/18 v1.5 color configuration of teTeX/TeXLive
)
Package color Info: Driver file: pdftex.def on input line 137.

(/usr/share/texmf-dist/tex/latex/pdftex-def/pdftex.def
File: pdftex.def 2011/05/27 v0.06d Graphics/color for pdfTeX

(/usr/share/texmf-dist/tex/generic/oberdiek/infwarerr.sty
Package: infwarerr 2010/04/08 v1.3 Providing info/warning/error messages (HO)
)
(/usr/share/texmf-dist/tex/generic/oberdiek/ltxcmds.sty
Package: ltxcmds 2011/11/09 v1.22 LaTeX kernel commands for general use (HO)
)
\Gread@gobject=\count88
))
(/usr/share/texmf-dist/tex/latex/tools/array.sty
Package: array 2014/10/28 v2.4c Tabular extension package (FMi)
\col@sep=\dimen103
\extrarowheight=\dimen104
\NC@list=\toks14
\extratabsurround=\skip43
\backup@length=\skip44
)
(/usr/share/texmf-dist/tex/latex/tools/tabularx.sty
Package: tabularx 2014/10/28 v2.10 `tabularx' package (DPC)
\TX@col@width=\dimen105
\TX@old@table=\dimen106
\TX@old@col=\dimen107
\TX@target=\dimen108
\TX@delta=\dimen109
\TX@cols=\count89
\TX@ftn=\toks15
)
(/usr/share/texmf/tex/latex/macros/verbatim.sty
Style-Option: `verbatim' v1.4d <91/04/24> (RmS)
English Documentation          <91/04/24> (RmS)
\every@verbatim=\toks16
\verbatim@line=\toks17
) (/usr/share/texmf-dist/tex/latex/graphics/graphicx.sty
Package: graphicx 2014/10/28 v1.0g Enhanced LaTeX Graphics (DPC,SPQR)

(/usr/share/texmf-dist/tex/latex/graphics/keyval.sty
Package: keyval 2014/10/28 v1.15 key=value parser (DPC)
\KV@toks@=\toks18
)
(/usr/share/texmf-dist/tex/latex/graphics/graphics.sty
Package: graphics 2014/10/28 v1.0p Standard LaTeX Graphics (DPC,SPQR)

(/usr/share/texmf-dist/tex/latex/graphics/trig.sty
Package: trig 1999/03/16 v1.09 sin cos tan (DPC)
)
(/usr/share/texmf-dist/tex/latex/latexconfig/graphics.cfg
File: graphics.cfg 2010/04/23 v1.9 graphics configuration of TeX Live
)
Package graphics Info: Driver file: pdftex.def on input line 91.
)
\Gin@req@height=\dimen110
\Gin@req@width=\dimen111
)
(/usr/share/texmf/tex/latex/macros/epsfig.sty
Document style option `epsfig', v1.5 <31 Jan 92> (edited by SPQR)
(/usr/share/texmf/tex/latex/macros/epsf.sty
(/usr/share/texmf/tex/latex/macros/epsf.tex
\epsffilein=\read1
\epsfxsize=\dimen112
\epsfysize=\dimen113
\epsftsize=\dimen114
\epsfrsize=\dimen115
\epsftmp=\dimen116
\pspoints=\dimen117
))
\p@intvaluex=\dimen118
\p@intvaluey=\dimen119
)
(/usr/share/texmf/tex/latex/cern/varioref.sty
\vr@cnt=\count90
)
(/usr/share/texmf-dist/tex/latex/tools/multicol.sty
Package: multicol 2014/10/28 v1.8i multicolumn formatting (FMi)
\c@tracingmulticols=\count91
\mult@box=\box26
\multicol@leftmargin=\dimen120
\c@unbalance=\count92
\c@collectmore=\count93
\doublecol@number=\count94
\multicoltolerance=\count95
\multicolpretolerance=\count96
\full@width=\dimen121
\page@free=\dimen122
\premulticols=\dimen123
\postmulticols=\dimen124
\multicolsep=\skip45
\multicolbaselineskip=\skip46
\partial@page=\box27
\last@line=\box28
\maxbalancingoverflow=\dimen125
\mult@rightbox=\box29
\mult@grightbox=\box30
\mult@gfirstbox=\box31
\mult@firstbox=\box32
\@tempa=\box33
\@tempa=\box34
\@tempa=\box35
\@tempa=\box36
\@tempa=\box37
\@tempa=\box38
\@tempa=\box39
\@tempa=\box40
\@tempa=\box41
\@tempa=\box42
\@tempa=\box43
\@tempa=\box44
\@tempa=\box45
\@tempa=\box46
\@tempa=\box47
\@tempa=\box48
\@tempa=\box49
\c@columnbadness=\count97
\c@finalcolumnbadness=\count98
\last@try=\dimen126
\multicolovershoot=\dimen127
\multicolundershoot=\dimen128
\mult@nat@firstbox=\box50
\colbreak@box=\box51
\mc@col@check@num=\count99
)
(/usr/share/texmf-dist/tex/latex/here/here.sty)
(/usr/share/texmf-dist/tex/latex/float/float.sty
Package: float 2001/11/08 v1.3d Float enhancements (AL)
\c@float@type=\count100
\float@exts=\toks19
\float@box=\box52
\@float@everytoks=\toks20
\@floatcapt=\box53
)
(/usr/share/texmf-dist/tex/latex/tools/xspace.sty
Package: xspace 2014/10/28 v1.13 Space after command names (DPC,MH)
)
(/usr/share/texmf-dist/tex/latex/tools/calc.sty
Package: calc 2014/10/28 v4.3 Infix arithmetic (KKT,FJ)
\calc@Acount=\count101
\calc@Bcount=\count102
\calc@Adimen=\dimen129
\calc@Bdimen=\dimen130
\calc@Askip=\skip47
\calc@Bskip=\skip48
LaTeX Info: Redefining \setlength on input line 75.
LaTeX Info: Redefining \addtolength on input line 76.
\calc@Ccount=\count103
\calc@Cskip=\skip49
)
(/usr/share/texmf-dist/tex/latex/base/ifthen.sty
Package: ifthen 2014/09/29 v1.1c Standard LaTeX ifthen package (DPC)
)
(/usr/share/texmf-dist/tex/latex/base/makeidx.sty
Package: makeidx 2014/09/29 v1.0m Standard LaTeX package
)
\@DL@itemwidth=\dimen131
\c@cOL=\count104
\mylen=\skip50
\mybox=\box54
\@PAWout=\write3
) (./html.sty
Package: html 1998/06/21 v1.31 hypertext commands for latex2html (nd, hws, rrm)

\c@lpart=\count105
\c@lchapter=\count106
\c@lsection=\count107
\c@lsubsection=\count108
\c@lsubsubsection=\count109
\c@lparagraph=\count110
\c@lsubparagraph=\count111
\c@lsubsubparagraph=\count112
\ptrfile=\write4
)
(/usr/share/texmf-dist/tex/latex/base/alltt.sty
Package: alltt 1997/06/16 v2.0g defines alltt environment
)
(/usr/share/texmf-dist/tex/latex/hyperref/hyperref.sty
Package: hyperref 2012/11/06 v6.83m Hypertext links for LaTeX

(/usr/share/texmf-dist/tex/generic/oberdiek/hobsub-hyperref.sty
Package: hobsub-hyperref 2012/05/28 v1.13 Bundle oberdiek, subset hyperref (HO)


(/usr/share/texmf-dist/tex/generic/oberdiek/hobsub-generic.sty
Package: hobsub-generic 2012/05/28 v1.13 Bundle oberdiek, subset generic (HO)
Package: hobsub 2012/05/28 v1.13 Construct package bundles (HO)
Package hobsub Info: Skipping package `infwarerr' (already loaded).
Package hobsub Info: Skipping package `ltxcmds' (already loaded).
Package: ifluatex 2010/03/01 v1.3 Provides the ifluatex switch (HO)
Package ifluatex Info: LuaTeX not detected.
Package: ifvtex 2010/03/01 v1.5 Detect VTeX and its facilities (HO)
Package ifvtex Info: VTeX not detected.
Package: intcalc 2007/09/27 v1.1 Expandable calculations with integers (HO)
Package: ifpdf 2011/01/30 v2.3 Provides the ifpdf switch (HO)
Package ifpdf Info: pdfTeX in PDF mode is detected.
Package: etexcmds 2011/02/16 v1.5 Avoid name clashes with e-TeX commands (HO)
Package etexcmds Info: Could not find \expanded.
(etexcmds)             That can mean that you are not using pdfTeX 1.50 or
(etexcmds)             that some package has redefined \expanded.
(etexcmds)             In the latter case, load this package earlier.
Package: kvsetkeys 2012/04/25 v1.16 Key value parser (HO)
Package: kvdefinekeys 2011/04/07 v1.3 Define keys (HO)
Package: pdftexcmds 2011/11/29 v0.20 Utility functions of pdfTeX for LuaTeX (HO
)
Package pdftexcmds Info: LuaTeX not detected.
Package pdftexcmds Info: \pdf@primitive is available.
Package pdftexcmds Info: \pdf@ifprimitive is available.
Package pdftexcmds Info: \pdfdraftmode found.
Package: pdfescape 2011/11/25 v1.13 Implements pdfTeX's escape features (HO)
Package: bigintcalc 2012/04/08 v1.3 Expandable calculations on big integers (HO
)
Package: bitset 2011/01/30 v1.1 Handle bit-vector datatype (HO)
Package: uniquecounter 2011/01/30 v1.2 Provide unlimited unique counter (HO)
)
Package hobsub Info: Skipping package `hobsub' (already loaded).
Package: letltxmacro 2010/09/02 v1.4 Let assignment for LaTeX macros (HO)
Package: hopatch 2012/05/28 v1.2 Wrapper for package hooks (HO)
Package: xcolor-patch 2011/01/30 xcolor patch
Package: atveryend 2011/06/30 v1.8 Hooks at the very end of document (HO)
Package atveryend Info: \enddocument detected (standard20110627).
Package: atbegshi 2011/10/05 v1.16 At begin shipout hook (HO)
Package: refcount 2011/10/16 v3.4 Data extraction from label references (HO)
Package: hycolor 2011/01/30 v1.7 Color options for hyperref/bookmark (HO)
)
(/usr/share/texmf-dist/tex/generic/ifxetex/ifxetex.sty
Package: ifxetex 2010/09/12 v0.6 Provides ifxetex conditional
)
(/usr/share/texmf-dist/tex/latex/oberdiek/auxhook.sty
Package: auxhook 2011/03/04 v1.3 Hooks for auxiliary files (HO)
)
(/usr/share/texmf-dist/tex/latex/oberdiek/kvoptions.sty
Package: kvoptions 2011/06/30 v3.11 Key value format for package options (HO)
)
\@linkdim=\dimen132
\Hy@linkcounter=\count113
\Hy@pagecounter=\count114

(/usr/share/texmf-dist/tex/latex/hyperref/pd1enc.def
File: pd1enc.def 2012/11/06 v6.83m Hyperref: PDFDocEncoding definition (HO)
)
\Hy@SavedSpaceFactor=\count115

(/usr/share/texmf-dist/tex/latex/latexconfig/hyperref.cfg
File: hyperref.cfg 2002/06/06 v1.2 hyperref configuration of TeXLive
)
Package hyperref Info: Option `colorlinks' set `true' on input line 4319.


! Package hyperref Error: Wrong DVI mode driver option `dvips',
(hyperref)                because pdfTeX or LuaTeX is running in PDF mode.

See the hyperref package documentation for explanation.
Type  H <return>  for immediate help.
 ...                                              
                                                  
l.4319 \ProcessKeyvalOptions{Hyp}
                                 
Try typing  <return>  to proceed.
If that doesn't work, type  X <return>  to quit.

Package hyperref Info: Hyper figures OFF on input line 4443.
Package hyperref Info: Link nesting OFF on input line 4448.
Package hyperref Info: Hyper index ON on input line 4451.
Package hyperref Info: Plain pages OFF on input line 4458.
Package hyperref Info: Backreferencing ON on input line 4461.
Package hyperref Info: Implicit mode ON; LaTeX internals redefined.
Package hyperref Info: Bookmarks ON on input line 4688.
(/usr/share/texmf-dist/tex/latex/hyperref/backref.sty
Package: backref 2012/07/25 v1.38 Bibliographical back referencing

(/usr/share/texmf-dist/tex/latex/oberdiek/rerunfilecheck.sty
Package: rerunfilecheck 2011/04/15 v1.7 Rerun checks for auxiliary files (HO)
Package uniquecounter Info: New unique counter `rerunfilecheck' on input line 2
82.
))
\c@Hy@tempcnt=\count116

(/usr/share/texmf-dist/tex/latex/url/url.sty
\Urlmuskip=\muskip10
Package: url 2013/09/16  ver 3.4  Verb mode for urls, etc.
)
LaTeX Info: Redefining \url on input line 5041.
LaTeX Info: Redefining \hyperref on input line 5052.
\XeTeXLinkMargin=\dimen133
\Fld@menulength=\count117
\Field@Width=\dimen134
\Fld@charsize=\dimen135
Package hyperref Info: Hyper figures OFF on input line 6295.
Package hyperref Info: Link nesting OFF on input line 6300.
Package hyperref Info: Hyper index ON on input line 6303.
Package hyperref Info: backreferencing ON on input line 6308.
Package hyperref Info: Link coloring ON on input line 6313.
Package hyperref Info: Link coloring with OCG OFF on input line 6320.
Package hyperref Info: PDF/A mode OFF on input line 6325.
LaTeX Info: Redefining \ref on input line 6365.
LaTeX Info: Redefining \pageref on input line 6369.
\Hy@abspage=\count118
\c@Item=\count119
\c@Hfootnote=\count120
)

Package hyperref Message: Driver (autodetected): hpdftex.

(/usr/share/texmf-dist/tex/latex/hyperref/hpdftex.def
File: hpdftex.def 2012/11/06 v6.83m Hyperref driver for pdfTeX
\Fld@listcount=\count121
\c@bookmark@seq@number=\count122
\Hy@SectionHShift=\skip51
)
(/usr/share/texmf-dist/tex/latex/tools/longtable.sty
Package: longtable 2014/10/28 v4.11 Multi-page Table package (DPC)
\LTleft=\skip52
\LTright=\skip53
\LTpre=\skip54
\LTpost=\skip55
\LTchunksize=\count123
\LTcapwidth=\dimen136
\LT@head=\box55
\LT@firsthead=\box56
\LT@foot=\box57
\LT@lastfoot=\box58
\LT@cols=\count124
\LT@rows=\count125
\c@LT@tables=\count126
\c@LT@chunks=\count127
\LT@p@ftn=\toks21
)
\@indexfile=\write5
\openout5 = `hboomain.idx'.


Writing index file hboomain.idx
(./hboomain.aux (./hbofront.aux) (./hbookch1.aux) (./hbookch2.aux)
(./hbookch3.aux) (./hbookch4.aux) (./hbookch5.aux) (./hbookch6.aux)
(./hbookch7.aux) (./hbookch8.aux) (./hbookch9.aux) (./hbooch10.aux))
\openout1 = `hboomain.aux'.

LaTeX Font Info:    Checking defaults for OML/cmm/m/it on input line 54.
LaTeX Font Info:    ... okay on input line 54.
LaTeX Font Info:    Checking defaults for T1/cmr/m/n on input line 54.
LaTeX Font Info:    ... okay on input line 54.
LaTeX Font Info:    Checking defaults for OT1/cmr/m/n on input line 54.
LaTeX Font Info:    ... okay on input line 54.
LaTeX Font Info:    Checking defaults for OMS/cmsy/m/n on input line 54.
LaTeX Font Info:    ... okay on input line 54.
LaTeX Font Info:    Checking defaults for OMX/cmex/m/n on input line 54.
LaTeX Font Info:    ... okay on input line 54.
LaTeX Font Info:    Checking defaults for U/cmr/m/n on input line 54.
LaTeX Font Info:    ... okay on input line 54.
LaTeX Font Info:    Checking defaults for PD1/pdf/m/n on input line 54.
LaTeX Font Info:    ... okay on input line 54.
LaTeX Font Info:    Try loading font information for OT1+ptm on input line 54.

(/usr/share/texmf-dist/tex/latex/psnfss/ot1ptm.fd
File: ot1ptm.fd 2001/06/04 font definitions for OT1/ptm.
)
(/usr/share/texmf-dist/tex/context/base/supp-pdf.mkii
[Loading MPS to PDF converter (version 2006.09.02).]
\scratchcounter=\count128
\scratchdimen=\dimen137
\scratchbox=\box59
\nofMPsegments=\count129
\nofMParguments=\count130
\everyMPshowfont=\toks22
\MPscratchCnt=\count131
\MPscratchDim=\dimen138
\MPnumerator=\count132
\makeMPintoPDFobject=\count133
\everyMPtoPDFconversion=\toks23
) (/usr/share/texmf-dist/tex/latex/oberdiek/epstopdf-base.sty
Package: epstopdf-base 2010/02/09 v2.5 Base part for package epstopdf

(/usr/share/texmf-dist/tex/latex/oberdiek/grfext.sty
Package: grfext 2010/08/19 v1.1 Manage graphics extensions (HO)
)
Package grfext Info: Graphics extension search list:
(grfext)             [.png,.pdf,.jpg,.mps,.jpeg,.jbig2,.jb2,.PNG,.PDF,.JPG,.JPE
G,.JBIG2,.JB2,.eps]
(grfext)             \AppendGraphicsExtensions on input line 452.

(/usr/share/texmf-dist/tex/latex/latexconfig/epstopdf-sys.cfg
File: epstopdf-sys.cfg 2010/07/13 v1.3 Configuration of (r)epstopdf for TeX Liv
e
))
\AtBeginShipoutBox=\box60
Package hyperref Info: Link coloring ON on input line 54.

(/usr/share/texmf-dist/tex/latex/hyperref/nameref.sty
Package: nameref 2012/10/27 v2.43 Cross-referencing by name of section

(/usr/share/texmf-dist/tex/generic/oberdiek/gettitlestring.sty
Package: gettitlestring 2010/12/03 v1.4 Cleanup title references (HO)
)
\c@section@level=\count134
)
LaTeX Info: Redefining \ref on input line 54.
LaTeX Info: Redefining \pageref on input line 54.
LaTeX Info: Redefining \nameref on input line 54.

(./hboomain.out) (./hboomain.out)
\@outlinefile=\write6
\openout6 = `hboomain.out'.

LaTeX Info: Redefining \Ref on input line 54.
\openout2 = `hbofront.aux'.

 (./hbofront.tex
Package epstopdf Info: Source file: <cern15.eps>
(epstopdf)                    date: 2015-07-16 15:25:20
(epstopdf)                    size: 1765 bytes
(epstopdf)             Output file: <cern15-eps-converted-to.pdf>
(epstopdf)             Command: <repstopdf --outfile=cern15-eps-converted-to.pd
f cern15.eps>
(epstopdf)             \includegraphics on input line 24.
runsystem(repstopdf --outfile=cern15-eps-converted-to.pdf cern15.eps)...execute
d safely (allowed).

Package epstopdf Info: Result file: <cern15-eps-converted-to.pdf>
(epstopdf)                    date: 2015-08-12 11:29:16
(epstopdf)                    size: 3153 bytes.

<cern15-eps-converted-to.pdf, id=470, 43.16125pt x 43.16125pt>
File: cern15-eps-converted-to.pdf Graphic file (type pdf)

<use cern15-eps-converted-to.pdf>
Package pdftex.def Info: cern15-eps-converted-to.pdf used on input line 24.
(pdftex.def)             Requested size: 85.36731pt x 85.35826pt.
LaTeX Font Info:    Font shape `OT1/ptm/bx/n' in size <14.4> not available
(Font)              Font shape `OT1/ptm/b/n' tried instead on input line 26.

! I couldn't open ../cnasall/cnastit.eps, will ignore it.
\epsfgetbb ...{I couldn't open #1, will ignore it}
                                                  \else {\epsffileoktrue \ch...
l.30 \mbox{\Ptitle{HBOOK}}
                          \\[2cm]
This error message was generated by an \errmessage
command, so I can't give any explicit help.
Pretend that you're Hercule Poirot: Examine all clues,
and deduce the truth by order and method.


Overfull \hbox (17.24298pt too wide) in paragraph at lines 30--30
 [][] 
 []


Underfull \vbox (badness 10000) has occurred while \output is active []

 [1

\openout3 = `hboomain.KUIP'.


{/home/antonio/.texlive/texmf-var/fonts/map/pdftex/updmap/pdftex.map} <./cern15
-eps-converted-to.pdf>]
Underfull \vbox (badness 10000) has occurred while \output is active []

 [2
Non-PDF special ignored!
Non-PDF special ignored!] [3]
LaTeX Font Info:    Font shape `OT1/ptm/bx/n' in size <10.95> not available
(Font)              Font shape `OT1/ptm/b/n' tried instead on input line 103.
LaTeX Font Info:    Try loading font information for OMS+ptm on input line 103.

 (/usr/share/texmf-dist/tex/latex/psnfss/omsptm.fd
File: omsptm.fd 
)
LaTeX Font Info:    Font shape `OMS/ptm/m/n' in size <10.95> not available
(Font)              Font shape `OMS/cmsy/m/n' tried instead on input line 103.
LaTeX Font Info:    External font `cmex10' loaded for size
(Font)              <10.95> on input line 103.
LaTeX Font Info:    External font `cmex10' loaded for size
(Font)              <8> on input line 103.
LaTeX Font Info:    External font `cmex10' loaded for size
(Font)              <6> on input line 103.

Underfull \hbox (badness 10000) in paragraph at lines 103--117

 []

[4]
LaTeX Font Info:    Font shape `OT1/ptm/bx/n' in size <12> not available
(Font)              Font shape `OT1/ptm/b/n' tried instead on input line 147.
LaTeX Font Info:    External font `cmex10' loaded for size
(Font)              <9> on input line 155.
LaTeX Font Info:    External font `cmex10' loaded for size
(Font)              <5> on input line 155.
 [1

] (./hboomain.toc [2] [3])
\tf@toc=\write7
\openout7 = `hboomain.toc'.

 (./hboomain.lof [4])
\tf@lof=\write8
\openout8 = `hboomain.lof'.

 (./hboomain.lot)
\tf@lot=\write9
\openout9 = `hboomain.lot'.

 [5]
[6

])
\openout2 = `hbookch1.aux'.

 (./hbookch1.tex
Chapter 1.
pdfTeX warning (ext4): destination with the same identifier (name{page.1}) has 
been already used, duplicate ignored
<to be read again> 
                   \relax 
l.133 
       [1



]
Overfull \hbox (1.97946pt too wide) in paragraph at lines 187--190
[]\OT1/ptm/m/n/10.95 This is the only in-ter-face be-tween a For-tran pro-gram 
and the dy-namic data struc-ture man-aged by HBOOK,
 []

pdfTeX warning (ext4): destination with the same identifier (name{page.2}) has 
been already used, duplicate ignored
<to be read again> 
                   \relax 
l.205 \item[Function representation]
                                     [2]
! Undefined control sequence.
\NR@@vpageref ...unskip \global \advance \c@vrcnt 
                                                  \@ne \@ifundefined {r@\the...
l.279 ...ssed in detail in section \vref{HMEMORYS}
                                                  .
The control sequence at the end of the top line
of your error message was never \def'ed. If you have
misspelled it (e.g., `\hobx'), type `I' and the correct
spelling (e.g., `I\hbox'). Otherwise just continue,
and I'll forget about whatever was undefined.

! You can't use `\char"1' after \advance.
\NR@@vpageref ...p \global \advance \c@vrcnt \@ne 
                                                  \@ifundefined {r@\the \c@v...
l.279 ...ssed in detail in section \vref{HMEMORYS}
                                                  .
I'm forgetting what you said and not changing anything.

! Undefined control sequence.
<argument> r@\the \c@vrcnt 
                           @vr
l.279 ...ssed in detail in section \vref{HMEMORYS}
                                                  .
The control sequence at the end of the top line
of your error message was never \def'ed. If you have
misspelled it (e.g., `\hobx'), type `I' and the correct
spelling (e.g., `I\hbox'). Otherwise just continue,
and I'll forget about whatever was undefined.

! You can't use `the letter @' after \the.
<argument> r@\the \c@vrcnt @
                            vr
l.279 ...ssed in detail in section \vref{HMEMORYS}
                                                  .
I'm forgetting what you said and using zero instead.

! Undefined control sequence.
<argument> r@\the \c@vrcnt 
                           @vr
l.279 ...ssed in detail in section \vref{HMEMORYS}
                                                  .
The control sequence at the end of the top line
of your error message was never \def'ed. If you have
misspelled it (e.g., `\hobx'), type `I' and the correct
spelling (e.g., `I\hbox'). Otherwise just continue,
and I'll forget about whatever was undefined.

! You can't use `the letter @' after \the.
<argument> r@\the \c@vrcnt @
                            vr
l.279 ...ssed in detail in section \vref{HMEMORYS}
                                                  .
I'm forgetting what you said and using zero instead.

! Undefined control sequence.
\NR@@vpageref ...ndoffive \csname r@\the \c@vrcnt 
                                                  @vr\endcsname }\@ifundefin...
l.279 ...ssed in detail in section \vref{HMEMORYS}
                                                  .
The control sequence at the end of the top line
of your error message was never \def'ed. If you have
misspelled it (e.g., `\hobx'), type `I' and the correct
spelling (e.g., `I\hbox'). Otherwise just continue,
and I'll forget about whatever was undefined.

! You can't use `the letter @' after \the.
\NR@@vpageref ...doffive \csname r@\the \c@vrcnt @
                                                  vr\endcsname }\@ifundefine...
l.279 ...ssed in detail in section \vref{HMEMORYS}
                                                  .
I'm forgetting what you said and using zero instead.

! Undefined control sequence.
<argument> r@\the \c@vrcnt 
                           @xvr
l.279 ...ssed in detail in section \vref{HMEMORYS}
                                                  .
The control sequence at the end of the top line
of your error message was never \def'ed. If you have
misspelled it (e.g., `\hobx'), type `I' and the correct
spelling (e.g., `I\hbox'). Otherwise just continue,
and I'll forget about whatever was undefined.

! You can't use `the letter @' after \the.
<argument> r@\the \c@vrcnt @
                            xvr
l.279 ...ssed in detail in section \vref{HMEMORYS}
                                                  .
I'm forgetting what you said and using zero instead.

! Undefined control sequence.
<argument> r@\the \c@vrcnt 
                           @xvr
l.279 ...ssed in detail in section \vref{HMEMORYS}
                                                  .
The control sequence at the end of the top line
of your error message was never \def'ed. If you have
misspelled it (e.g., `\hobx'), type `I' and the correct
spelling (e.g., `I\hbox'). Otherwise just continue,
and I'll forget about whatever was undefined.

! You can't use `the letter @' after \the.
<argument> r@\the \c@vrcnt @
                            xvr
l.279 ...ssed in detail in section \vref{HMEMORYS}
                                                  .
I'm forgetting what you said and using zero instead.

! Undefined control sequence.
\NR@@vpageref ...ndoffive \csname r@\the \c@vrcnt 
                                                  @xvr\endcsname }{\let \@cu...
l.279 ...ssed in detail in section \vref{HMEMORYS}
                                                  .
The control sequence at the end of the top line
of your error message was never \def'ed. If you have
misspelled it (e.g., `\hobx'), type `I' and the correct
spelling (e.g., `I\hbox'). Otherwise just continue,
and I'll forget about whatever was undefined.

! You can't use `the letter @' after \the.
\NR@@vpageref ...doffive \csname r@\the \c@vrcnt @
                                                  xvr\endcsname }{\let \@cur...
l.279 ...ssed in detail in section \vref{HMEMORYS}
                                                  .
I'm forgetting what you said and using zero instead.

! Undefined control sequence.
\NR@@vpageref ...abel \expandafter {\the \c@vrcnt 
                                                  @xvr}}\ifx \@tempa \@tempb...
l.279 ...ssed in detail in section \vref{HMEMORYS}
                                                  .
The control sequence at the end of the top line
of your error message was never \def'ed. If you have
misspelled it (e.g., `\hobx'), type `I' and the correct
spelling (e.g., `I\hbox'). Otherwise just continue,
and I'll forget about whatever was undefined.

! You can't use `the letter @' after \the.
\NR@@vpageref ...bel \expandafter {\the \c@vrcnt @
                                                  xvr}}\ifx \@tempa \@tempb ...
l.279 ...ssed in detail in section \vref{HMEMORYS}
                                                  .
I'm forgetting what you said and using zero instead.

! Undefined control sequence.
\NR@@vpageref ...abel \expandafter {\the \c@vrcnt 
                                                  @vr}}
l.279 ...ssed in detail in section \vref{HMEMORYS}
                                                  .
The control sequence at the end of the top line
of your error message was never \def'ed. If you have
misspelled it (e.g., `\hobx'), type `I' and the correct
spelling (e.g., `I\hbox'). Otherwise just continue,
and I'll forget about whatever was undefined.

! You can't use `the letter @' after \the.
\NR@@vpageref ...bel \expandafter {\the \c@vrcnt @
                                                  vr}}
l.279 ...ssed in detail in section \vref{HMEMORYS}
                                                  .
I'm forgetting what you said and using zero instead.

pdfTeX warning (ext4): destination with the same identifier (name{page.3}) has 
been already used, duplicate ignored
<to be read again> 
                   \relax 
l.296 
       [3]
LaTeX Font Info:    Font shape `OT1/ptm/bx/n' in size <9> not available
(Font)              Font shape `OT1/ptm/b/n' tried instead on input line 377.
pdfTeX warning (ext4): destination with the same identifier (name{page.4}) has 
been already used, duplicate ignored
<to be read again> 
                   \relax 
l.389  
            CALL HBOOK1(10,'EXAMPLE OF 1-DIM HISTOGRAM',100,1.,101.,0.)
[4] [5]
Package epstopdf Info: Source file: <hbbatch.eps>
(epstopdf)                    date: 2015-07-16 15:25:20
(epstopdf)                    size: 3669 bytes
(epstopdf)             Output file: <hbbatch-eps-converted-to.pdf>
(epstopdf)             Command: <repstopdf --outfile=hbbatch-eps-converted-to.p
df hbbatch.eps>
(epstopdf)             \includegraphics on input line 561.
runsystem(repstopdf --outfile=hbbatch-eps-converted-to.pdf hbbatch.eps)...execu
ted safely (allowed).

Package epstopdf Info: Result file: <hbbatch-eps-converted-to.pdf>
(epstopdf)                    date: 2015-08-12 11:29:17
(epstopdf)                    size: 7049 bytes.
 <hbbatch-eps-converted-to.pdf, id=729, 366.36874pt x 282.05376pt>
File: hbbatch-eps-converted-to.pdf Graphic file (type pdf)

<use hbbatch-eps-converted-to.pdf>
Package pdftex.def Info: hbbatch-eps-converted-to.pdf used on input line 561.
(pdftex.def)             Requested size: 355.65944pt x 273.8242pt.

Underfull \vbox (badness 4454) has occurred while \output is active []

 [6]
Overfull \hbox (2.35593pt too wide) in paragraph at lines 709--709
[]      \Localfont 10            -------I                                      
                                           I-II--[] 
 []


Overfull \hbox (2.35593pt too wide) in paragraph at lines 711--711
[]\Localfont CHANNELS 100   0                                                  
                                                1[] 
 []


Overfull \hbox (2.35593pt too wide) in paragraph at lines 712--712
[]          \Localfont 10   0        1         2         3         4         5 
        6         7         8         9         0[] 
 []


Overfull \hbox (2.35593pt too wide) in paragraph at lines 713--713
[]           \Localfont 1   123456789012345678901234567890123456789012345678901
2345678901234567890123456789012345678901234567890[] 
 []


Overfull \hbox (2.35593pt too wide) in paragraph at lines 717--717
[]           \Localfont 1.       2234505503848442823060194738307766067499444515
7562761227948358021717653142735611669210337304276[] 
 []


Overfull \hbox (2.35593pt too wide) in paragraph at lines 719--719
[]\Localfont LOW-EDGE   1.            11111111112222222222333333333344444444445
5555555556666666666777777777788888888889999999999[] 
 []


Overfull \hbox (2.35593pt too wide) in paragraph at lines 720--720
[]\Localfont *10**  1   0   012345678901234567890123456789012345678901234567890
1234567890123456789012345678901234567890123456789[] 
 []


Overfull \hbox (2.35593pt too wide) in paragraph at lines 735--735
[]           \Localfont *******************************************************
*************************************************[] 
 []


Overfull \hbox (10.27591pt too wide) in paragraph at lines 736--736
[]  \Localfont OVE      *                                                      
                                                * OVE[] 
 []


Overfull \hbox (10.27591pt too wide) in paragraph at lines 737--737
[]     \Localfont .975  *                                                      
                                                *  40[] 
 []


Overfull \hbox (10.27591pt too wide) in paragraph at lines 738--738
[]     \Localfont .95   *                  ++   2   2 2++  +3 +   ++     +  +  
   2+         3 2  + 2++++       + 2    +       *  39[] 
 []


Overfull \hbox (10.27591pt too wide) in paragraph at lines 739--739
[]     \Localfont .925  *           +   +    2  ++ 32+++ +22  22+    +++    +  
     + +    +  22+2+++ +2++   + + +             *  38[] 
 []


Overfull \hbox (10.27591pt too wide) in paragraph at lines 740--740
[]     \Localfont .9    *                   223 +3+ +3 3++333223  +2  2     +  
+    ++2+ +    232+322 2+++  +24+      +        *  37[] 
 []


Overfull \hbox (10.27591pt too wide) in paragraph at lines 741--741
[]     \Localfont .875  *           +   ++ +2++++ 342533 443224++2 2  +   +  ++
23  +  +42+3222233+++3+++2 22+ ++   + + +       *  36[] 
 []


Overfull \hbox (10.27591pt too wide) in paragraph at lines 742--742
[]     \Localfont .85   *               ++  + 5+35+3333483475 65+2+ + ++  +    
+33+3 +2 +2335222+235 522 24+   ++    2         *  35[] 
 []


Overfull \hbox (10.27591pt too wide) in paragraph at lines 743--743
[]     \Localfont .825  *                ++  2+2 558335876736583+ 2 +2+ + +   3
   224+533623+35252+54 32+452++3 332 +++++      *  34[] 
 []


Overfull \hbox (10.27591pt too wide) in paragraph at lines 744--744
[]     \Localfont .8    *            ++   + 532 656562546C8A88936324332+ +2+23 
+332+2236433657234455556+4635+222 +23 +3  +     *  33[] 
 []


Overfull \hbox (10.27591pt too wide) in paragraph at lines 745--745
[]     \Localfont .775  *               +2  33 375B7274C6A66A782+323++2+23  +5+
+3+5222256768365258276374+86334+ 32    +++ +    *  32[] 
 []


Overfull \hbox (10.27591pt too wide) in paragraph at lines 746--746
[]     \Localfont .75   *            + 2+ 2 45523786A79FB98B6AD4855224+  + ++23
323+5755552468283746644543 443324 5223++  2     *  31[] 
 []


Overfull \hbox (10.27591pt too wide) in paragraph at lines 747--747
[]     \Localfont .725  *            + ++4+22+637A785B8BBBA6B4656922++ 2 23 24 
2+5464+435552843286C6246623636+3+ 2 3 2  3+2    *  30[] 
 []


Overfull \hbox (10.27591pt too wide) in paragraph at lines 748--748
[]     \Localfont .7    *       +      22 +2 735ABCA89G8C8A6DA5765+3+322  2+2++
52234445475+355864768724+B74632+23 +3   3+   +  *  29[] 
 []


Overfull \hbox (10.27591pt too wide) in paragraph at lines 749--749
[]     \Localfont .675  *              23 +4+3364HBBAFCFCBB98945C7933++ 2 5+3 +
4225243752 75787896C367+475443+32242422 2 +     *  28[] 
 []


Overfull \hbox (10.27591pt too wide) in paragraph at lines 750--750
[]     \Localfont .65   *           + + ++5+3795498GAC96CB9A79E6645 34 3+3  ++2
4537234424532777657445+4746235+2+3++  4+2 2     *  27[] 
 []


Overfull \hbox (10.27591pt too wide) in paragraph at lines 751--751
[]     \Localfont .625  *           +     3 647774A9CE67G99BAB6B233233 4+ 2 322
 42 44364+657735+735736733+4+23234 +++++2  +    *  26[] 
 []


Overfull \hbox (10.27591pt too wide) in paragraph at lines 752--752
[]     \Localfont .6    *            + ++3+342233874B8C966896565+5242+5 +2+++++
2+5225+42544535456A265357253+2222+ 2+2++ +  +2  *  25[] 
 []


Overfull \hbox (10.27591pt too wide) in paragraph at lines 753--753
[]     \Localfont .575  *           ++  +  +5 74535525677984573453422 +2   ++ 2
  +++4+2 3526525235+4243342+32+  23 2+          *  24[] 
 []


Overfull \hbox (10.27591pt too wide) in paragraph at lines 754--754
[]     \Localfont .55   *               ++ +226+584568349865+433 +2222 +      +
+ +4444352326542332823+444332 +2 2 + +          *  23[] 
 []


Overfull \hbox (10.27591pt too wide) in paragraph at lines 755--755
[]     \Localfont .525  *                 ++++2+65436+3A753535+22+++2+++  ++ + 
++2  +2 ++4++2+ 224224+32 2+ ++++ 2      +      *  22[] 
 []


Overfull \hbox (10.27591pt too wide) in paragraph at lines 756--756
[]     \Localfont .5    *                 22  4+23+6425 84543+++42 +2     +++2 
 2 + 2+2+ 3+ 24++2334223+ 223  +2   +       +   *  21[] 
 []


Overfull \hbox (10.27591pt too wide) in paragraph at lines 757--757
[]     \Localfont .475  *         +             +5334+7333+22  ++2+ +  3+      
2 +4 +32  2 222+2 + 33++ 222 +  +3++     +      *  20[] 
 []


Overfull \hbox (10.27591pt too wide) in paragraph at lines 758--758
[]     \Localfont .45   *                  +  433244397 2++23232+ 24 +2        
++  ++2+ 2+ +2+33  ++4 +3 ++2+3    +  +         *  19[] 
 []


Overfull \hbox (10.27591pt too wide) in paragraph at lines 759--759
[]     \Localfont .425  *           +  ++ 2+ 22+24636432646+5+322 4 +++ + 2++  
++ +22+533+3++3+  +432 +322++2+     2+  ++ +    *  18[] 
 []


Overfull \hbox (10.27591pt too wide) in paragraph at lines 760--760
[]     \Localfont .4    *                +++3237549588A9725H724545++33+33 + + 2
 24  4 +A4633 39 25636343322+82++ ++ + +2+  +   *  17[] 
 []


Overfull \hbox (10.27591pt too wide) in paragraph at lines 761--761
[]     \Localfont .375  *              +++3+374879CCCADLD48996CE54365232 +2+234
2347+563264636547B47925542444434+2+322 2+  +2   *  16[] 
 []


Overfull \hbox (10.27591pt too wide) in paragraph at lines 762--762
[]     \Localfont .35   *            +++ +4637549EC87D8IHDICI9B754655432++23233
+2554368886H68B9667889677A635C+4+223333+22  +   *  15[] 
 []


Overfull \hbox (10.27591pt too wide) in paragraph at lines 763--763
[]     \Localfont .325  *        +  ++++ 2445949CHHDFNHJRHIHKLDD5DC3545422233 2
4564875549A8E7899B4F4BC3CA7E597842+67242+++++   *  14[] 
 []


Overfull \hbox (10.27591pt too wide) in paragraph at lines 764--764
[]     \Localfont .3    *          ++++++2667889EDFEHULQHI*IKFIFA878666336+6+48
526B79777BCCEBBAEEED58E96997A4674763463++++ 2+  *  13[] 
 []


Overfull \hbox (10.27591pt too wide) in paragraph at lines 765--765
[]     \Localfont .275  *        +  ++++ 3546898BEMPNIURPH*NOECDC8958E442+3542+
68554B37466AAGCEEACAC7A476599962365 343++2 +2   *  12[] 
 []


Overfull \hbox (10.27591pt too wide) in paragraph at lines 766--766
[]     \Localfont .25   *        +     2344658A9DAJPLDENQGDHJEEBAA93 +3225322+4
259A576784DA9B98B56A85CD859797A5843523223+ 22   *  11[] 
 []


Overfull \hbox (10.27591pt too wide) in paragraph at lines 767--767
[]     \Localfont .225  *               3 256778BA6CEJGIEAICGCHA4A242+43+++5242
7545466927A78866BB66795655763454656  2 3 +++    *  10[] 
 []


Overfull \hbox (10.27591pt too wide) in paragraph at lines 768--768
[]     \Localfont .2    *                +2++4357A69BC88AAFAA5665432+434 +++ ++
++343233668554584442CA7664745+4++34+++2 + +++   *   9[] 
 []


Overfull \hbox (10.27591pt too wide) in paragraph at lines 769--769
[]     \Localfont .175  *                 + 3  3436344766755264526++3 2+ + ++ +
42  22 2+32345++353562 34 33+++4 +3 +++  +      *   8[] 
 []


Overfull \hbox (10.27591pt too wide) in paragraph at lines 770--770
[]     \Localfont .15   *                  2+ + +3+44+262542+4225 232 ++++   22
2 + 2+  +23+242 32+222 2++342 22    22+ 2  +    *   7[] 
 []


Overfull \hbox (10.27591pt too wide) in paragraph at lines 771--771
[]     \Localfont .125  *              +   +2  +++22+32+ 3+++2                 
   +  +42 +  2+ +   +  2+       + + ++          *   6[] 
 []


Overfull \hbox (10.27591pt too wide) in paragraph at lines 772--772
[]     \Localfont .1    *                           +  +   + +2+     ++        
     +    +2+    +        ++    +++ +           *   5[] 
 []


Overfull \hbox (10.27591pt too wide) in paragraph at lines 773--773
[]     \Localfont .075  *                       + 2  +     +                   
       +                               +        *   4[] 
 []


Overfull \hbox (10.27591pt too wide) in paragraph at lines 774--774
[]     \Localfont .05   *                                      +               
                                                *   3[] 
 []


Overfull \hbox (10.27591pt too wide) in paragraph at lines 775--775
[]     \Localfont .025  *                                                      
                   +                            *   2[] 
 []


Overfull \hbox (10.27591pt too wide) in paragraph at lines 776--776
[]           \Localfont *                                                      
                                                *   1[] 
 []


Overfull \hbox (10.27591pt too wide) in paragraph at lines 777--777
[]  \Localfont UND      *                                                      
                                                * UND[] 
 []


Overfull \hbox (2.35593pt too wide) in paragraph at lines 778--778
[]           \Localfont *******************************************************
*************************************************[] 
 []

[7 <./hbbatch-eps-converted-to.pdf>] [8]
Overfull \hbox (8.25383pt too wide) in paragraph at lines 962--962
[]\OT1/cmtt/m/n/6 * ENTRIES =    10000            PLOT         -------I--------
I-------[] 
 []


Overfull \hbox (1.87874pt too wide) in paragraph at lines 963--963
[]\OT1/cmtt/m/n/6 * SATURATION  AT=          255                  12  I  9936  
I   19[] 
 []


Overfull \hbox (8.25383pt too wide) in paragraph at lines 964--964
[]\OT1/cmtt/m/n/6 * SCALE  .,+,2,3,.,., A,B,      STATISTICS   -------I--------
I-------[] 
 []


Underfull \vbox (badness 1460) has occurred while \output is active []

 [9

]
[10] [11]
Package epstopdf Info: Source file: <hbookc11.eps>
(epstopdf)                    date: 2015-07-16 15:25:20
(epstopdf)                    size: 104782 bytes
(epstopdf)             Output file: <hbookc11-eps-converted-to.pdf>
(epstopdf)             Command: <repstopdf --outfile=hbookc11-eps-converted-to.
pdf hbookc11.eps>
(epstopdf)             \includegraphics on input line 1114.
runsystem(repstopdf --outfile=hbookc11-eps-converted-to.pdf hbookc11.eps)...exe
cuted safely (allowed).

Package epstopdf Info: Result file: <hbookc11-eps-converted-to.pdf>
(epstopdf)                    date: 2015-08-12 11:29:17
(epstopdf)                    size: 322588 bytes.
 <hbookc11-eps-converted-to.pdf, id=768, 521.95pt x 260.975pt>
File: hbookc11-eps-converted-to.pdf Graphic file (type pdf)

<use hbookc11-eps-converted-to.pdf>
Package pdftex.def Info: hbookc11-eps-converted-to.pdf used on input line 1114.

(pdftex.def)             Requested size: 455.24408pt x 227.62383pt.

Underfull \hbox (badness 10000) in paragraph at lines 1114--1116

 []

) [12 <./hbookc11-eps-converted-to.pdf>]
\openout2 = `hbookch2.aux'.

 (./hbookch2.tex
Chapter 2.
LaTeX Font Info:    Font shape `OT1/ptm/bx/n' in size <10> not available
(Font)              Font shape `OT1/ptm/b/n' tried instead on input line 23.
[13



] [14] [15]) [16]
\openout2 = `hbookch3.aux'.

 (./hbookch3.tex
Chapter 3.
<rwn.eps>
<cwn.eps>
LaTeX Font Info:    External font `cmex10' loaded for size
(Font)              <7> on input line 139.
[17



] [18
Non-PDF special ignored!
Non-PDF special ignored!] [19

] [20]
LaTeX Font Info:    Font shape `OT1/cmtt/bx/n' in size <10.95> not available
(Font)              Font shape `OT1/cmtt/m/n' tried instead on input line 365.
 [21]
Overfull \hbox (1.94562pt too wide) in paragraph at lines 406--411
[]\OT1/ptm/m/n/10.95 For ex-am-ple, the ar-ray def-i-ni-tion \OT1/cmtt/m/n/10.9
5 NHITS(NTRACK) \OT1/ptm/m/n/10.95 de-fines \OT1/cmtt/m/n/10.95 NHITS \OT1/ptm/
m/n/10.95 to de-pend on the in-dex vari-able \OT1/cmtt/m/n/10.95 NTRACK\OT1/ptm
/m/n/10.95 .
 []

[22] [23]
Overfull \hbox (0.77426pt too wide) in paragraph at lines 579--581
[]\OT1/ptm/m/n/10.95 To set the ad-dresses in which to write the val-ues of all
 vari-ables in block \OT1/cmtt/m/n/10.95 CHBLOK\OT1/ptm/m/n/10.95 . 
 []

[24] [25]
LaTeX Font Info:    Font shape `OT1/cmtt/bx/n' in size <12> not available
(Font)              Font shape `OT1/cmtt/m/n' tried instead on input line 715.
 [26] [27] [28] [29]
Overfull \hbox (5.93262pt too wide) in paragraph at lines 1006--1008
[]\OT1/ptm/m/n/10.95 Identifier of 1-dimensional his-togram, which must have be
en pre-vi-ously booked with HBOOK1[]. 
 []

[30] [31] [32] [33] [34] [35] [36] [37] [38] [39] [40] [41]
Underfull \vbox (badness 10000) has occurred while \output is active []

 [42]
[43] [44] [45] [46]) [47]
\openout2 = `hbookch4.aux'.

 (./hbookch4.tex
Chapter 4.
[48



] [49] [50] [51] [52]
Overfull \hbox (10.39964pt too wide) in paragraph at lines 438--438
 []      \OT1/cmtt/m/n/10.95 COMMON/PAWC/NWPAW,IXPAWC,IHDIV,IXHIGZ,IXKU,FENC(5)
,LMAIN,HCV(9989)[] 
 []

[53] [54] [55] [56] [57] [58]
Package epstopdf Info: Source file: <hlabel.eps>
(epstopdf)                    date: 2015-07-16 15:25:20
(epstopdf)                    size: 26664 bytes
(epstopdf)             Output file: <hlabel-eps-converted-to.pdf>
(epstopdf)             Command: <repstopdf --outfile=hlabel-eps-converted-to.pd
f hlabel.eps>
(epstopdf)             \includegraphics on input line 1021.
runsystem(repstopdf --outfile=hlabel-eps-converted-to.pdf hlabel.eps)...execute
d safely (allowed).

Package epstopdf Info: Result file: <hlabel-eps-converted-to.pdf>
(epstopdf)                    date: 2015-08-12 11:29:18
(epstopdf)                    size: 9241 bytes.

<hlabel-eps-converted-to.pdf, id=1011, 476.78125pt x 501.875pt>
File: hlabel-eps-converted-to.pdf Graphic file (type pdf)

<use hlabel-eps-converted-to.pdf>
Package pdftex.def Info: hlabel-eps-converted-to.pdf used on input line 1021.
(pdftex.def)             Requested size: 455.24408pt x 479.2291pt.
 [59] [60 <./hlabel-eps-converted-to.pdf>]
[61

] [62] [63] [64] [65]
Underfull \vbox (badness 10000) has occurred while \output is active []

 [66]
[67] [68] [69] [70] [71] [72] [73] [74] [75] [76] [77] [78] [79]) [80]
\openout2 = `hbookch5.aux'.


(./hbookch5.tex
Chapter 5.
[81



] [82]
Overfull \hbox (0.86154pt too wide) in paragraph at lines 188--190
[]\OT1/ptm/m/n/10.95 the 2-dimensional his-togram it-self. De-fault \OT1/cmtt/m
/n/10.95 CHOICE=' ' \OT1/ptm/m/n/10.95 is equiv-a-lent to \OT1/cmtt/m/n/10.95 '
HIST'\OT1/ptm/m/n/10.95 . 
 []

[83] [84] [85] [86] [87]) [88]
\openout2 = `hbookch6.aux'.

 (./hbookch6.tex
Chapter 6.
[89



] [90] [91] [92] [93]

Package hyperref Warning: Token not allowed in a PDF string (PDFDocEncoding):
(hyperref)                removing `\begingroup' on input line 487.


Package hyperref Warning: Token not allowed in a PDF string (PDFDocEncoding):
(hyperref)                removing `\catcode' on input line 487.


Package hyperref Warning: Token not allowed in a PDF string (PDFDocEncoding):
(hyperref)                removing `\catcode' on input line 487.


Package hyperref Warning: Token not allowed in a PDF string (PDFDocEncoding):
(hyperref)                removing `\catcode' on input line 487.


Package hyperref Warning: Token not allowed in a PDF string (PDFDocEncoding):
(hyperref)                removing `\catcode' on input line 487.


Package hyperref Warning: Token not allowed in a PDF string (PDFDocEncoding):
(hyperref)                removing `\catcode' on input line 487.


Package hyperref Warning: Token not allowed in a PDF string (PDFDocEncoding):
(hyperref)                removing `\catcode' on input line 487.


Package hyperref Warning: Token not allowed in a PDF string (PDFDocEncoding):
(hyperref)                removing `\catcode' on input line 487.


Package hyperref Warning: Token not allowed in a PDF string (PDFDocEncoding):
(hyperref)                removing `\endgroup' on input line 487.


Package hyperref Warning: Composite letter `\textasciicircum+1'
(hyperref)                not defined in PD1 encoding,
(hyperref)                removing `\textasciicircum' on input line 487.


Package hyperref Warning: Composite letter `\texttilde+1'
(hyperref)                not defined in PD1 encoding,
(hyperref)                removing `\texttilde' on input line 487.

[94] [95] [96]) [97]
\openout2 = `hbookch7.aux'.

 (./hbookch7.tex
Chapter 7.

Overfull \hbox (12.60046pt too wide) in paragraph at lines 55--58
[]\OT1/ptm/m/n/10.95 Number of chan-nels (cells) in the 1-dimensional or 2-dime
nsional his-togram (HFITH[], HFITHN[])
 []

[98



] [99] [100]
Underfull \hbox (badness 10000) in paragraph at lines 265--265
[]|\OT1/cmtt/m/n/10.95 (N,NDIM,NVAR,X,Y,EY,FUN,CHOPT,NP,*PAR*,STEP,PMIN,PMAX,SI
GPAR*,
 []

[101] [102]
Overfull \hbox (4.73776pt too wide) in paragraph at lines 454--462
[] \OT1/ptm/m/n/10.95 (\OT1/cmtt/m/n/10.95 paw[]\OT1/ptm/m/n/10.95 ) or the rou
-tine HFITH[] are in-voked. It is called HFCNV[] when the com-mand []
 []

[103] [104] [105] [106] [107] [108] [109] [110] [111] [112] [113] [114]
Overfull \hbox (8.0014pt too wide) in paragraph at lines 1404--1409
[]\OT1/ptm/m/n/10.95 This pa-ram-e-ter in-di-cates the log-i-cal unit for writ-
ing the For-tran code of the func-tion []FPARAM(X).
 []

[115] [116]
Underfull \hbox (badness 10000) in paragraph at lines 1564--1564
[]|\OT1/cmtt/m/n/10.95 (ID,CHOPT,MODE,SENSIT,SMOOTH,NSIG*,CHISQ*,NDF*,FMIN*,FMA
X*,
 []

[117] [118] [119] [120] [121] [122] [123]
Underfull \hbox (badness 10000) in paragraph at lines 2094--2094
[]|\OT1/cmtt/m/n/10.95 (IDD,IDM,IDW,NSRC,CHOPT,IFIX,FRAC,FLIM,START,
 []

[124] [125] [126] [127]
Package epstopdf Info: Source file: <hmchis.eps>
(epstopdf)                    date: 2015-07-16 15:25:22
(epstopdf)                    size: 22838 bytes
(epstopdf)             Output file: <hmchis-eps-converted-to.pdf>
(epstopdf)             Command: <repstopdf --outfile=hmchis-eps-converted-to.pd
f hmchis.eps>
(epstopdf)             \includegraphics on input line 2336.
runsystem(repstopdf --outfile=hmchis-eps-converted-to.pdf hmchis.eps)...execute
d safely (allowed).

Package epstopdf Info: Result file: <hmchis-eps-converted-to.pdf>
(epstopdf)                    date: 2015-08-12 11:29:18
(epstopdf)                    size: 7801 bytes.

<hmchis-eps-converted-to.pdf, id=1478, 412.54124pt x 227.85126pt>
File: hmchis-eps-converted-to.pdf Graphic file (type pdf)

<use hmchis-eps-converted-to.pdf>
Package pdftex.def Info: hmchis-eps-converted-to.pdf used on input line 2336.
(pdftex.def)             Requested size: 455.24408pt x 251.44026pt.
 [128] [129 <./hmchis-eps-converted-to.pdf>]
Underfull \vbox (badness 10000) has occurred while \output is active []

 [130]
[131] [132] [133]
Underfull \vbox (badness 10000) has occurred while \output is active []

 [134]
[135] [136] [137]) [138]
\openout2 = `hbookch8.aux'.

 (./hbookch8.tex
Chapter 8.
<pawstor.eps>
[139




Non-PDF special ignored!]
<hbzebra.eps>
[140] [141
Non-PDF special ignored!] [142] [143] [144] [145] [146] [147] [148]
Underfull \hbox (badness 10000) in paragraph at lines 764--776
[]\OT1/ptm/m/n/10.95 Cycle num-ber. If \OT1/cmtt/m/n/10.95 ICYCLE=0 \OT1/ptm/m/
n/10.95 then the low-est cy-cle is read.
 []

[149] [150]
LaTeX Font Info:    Font shape `OT1/cmtt/bx/n' in size <9> not available
(Font)              Font shape `OT1/cmtt/m/n' tried instead on input line 965.
 [151]) [152]
\openout2 = `hbookch9.aux'.

 (./hbookch9.tex
Chapter 9.

Overfull \hbox (2.6027pt too wide) in paragraph at lines 81--83
[]\OT1/ptm/m/n/10.95 Offset of newly cre-ated his-togram(s), i.e. new his-togra
m(s) will have iden-ti-fier(s) \OT1/cmtt/m/n/10.95 ID+IOFSET\OT1/ptm/m/n/10.95 
. 
 []

[153



]
Overfull \hbox (3.5572pt too wide) in paragraph at lines 168--168
[]\OT1/cmtt/m/n/9 *..............           Create Global section[] 
 []


Overfull \hbox (3.5572pt too wide) in paragraph at lines 169--169
[]      \OT1/cmtt/m/n/9 NPAGES=HCREATEG(GNAME,IPAWC,128*MAXPAGES)[] 
 []


Overfull \hbox (13.0071pt too wide) in paragraph at lines 172--172
[] \OT1/cmtt/m/n/9 1000    FORMAT(' Global Section: ',A,' created')[] 
 []

<pawglob.eps>
[154] [155
Non-PDF special ignored!] [156]
<shared.eps>
[157
Non-PDF special ignored!] [158]
<pawos9.eps>
) [159
Non-PDF special ignored!]
\openout2 = `hbooch10.aux'.

 (./hbooch10.tex
Chapter 10.

Overfull \hbox (1.57266pt too wide) in alignment at lines 18--22
 [] [] 
 []


Overfull \hbox (1.57266pt too wide) in alignment at lines 22--27
 [] [] 
 []


Overfull \hbox (1.57266pt too wide) in alignment at lines 27--29
 [] [] 
 []


Overfull \hbox (1.57266pt too wide) in alignment at lines 29--71
 [] [] 
 []


Underfull \vbox (badness 10000) detected at line 71
 []


Overfull \hbox (1.57266pt too wide) in alignment at lines 71--111
 [] [] 
 []


Overfull \hbox (1.57266pt too wide) in alignment at lines 111--151
 [] [] 
 []


Overfull \hbox (1.57266pt too wide) in alignment at lines 151--191
 [] [] 
 []

[160



]
Overfull \hbox (1.57266pt too wide) in alignment at lines 191--231
 [] [] 
 []


Overfull \hbox (1.57266pt too wide) in alignment at lines 231--271
 [] [] 
 []

[161]
Overfull \hbox (1.57266pt too wide) in alignment at lines 271--311
 [] [] 
 []


Overfull \hbox (1.57266pt too wide) in alignment at lines 311--351
 [] [] 
 []

[162]
Overfull \hbox (1.57266pt too wide) in alignment at lines 351--375
 [] [] 
 []

[163]) [164] (./hboomain.bbl (./hboomain.brf)
\tf@brf=\write10
\openout10 = `hboomain.brf'.

) (./hboomain.ind [165


] [166

]
[167] [168] [169] [170])
Package atveryend Info: Empty hook `BeforeClearDocument' on input line 80.
Package atveryend Info: Empty hook `AfterLastShipout' on input line 80.
 (./hboomain.aux (./hbofront.aux) (./hbookch1.aux)
(./hbookch2.aux) (./hbookch3.aux) (./hbookch4.aux) (./hbookch5.aux)
(./hbookch6.aux) (./hbookch7.aux) (./hbookch8.aux) (./hbookch9.aux)
(./hbooch10.aux))
Package atveryend Info: Executing hook `AtVeryEndDocument' on input line 80.
Package atveryend Info: Executing hook `AtEndAfterFileList' on input line 80.


Package rerunfilecheck Warning: File `hboomain.out' has changed.
(rerunfilecheck)                Rerun to get outlines right
(rerunfilecheck)                or use package `bookmark'.

Package rerunfilecheck Info: Checksums for `hboomain.out':
(rerunfilecheck)             Before: 6E74499C84A63DF5FAA79A8EEDE0B9C0;8437
(rerunfilecheck)             After:  D50D7FA00970923DDD3D6F6047C625FF;8913.

Package rerunfilecheck Warning: File `hboomain.brf' has changed.
(rerunfilecheck)                Rerun to get bibliographical references right.

Package rerunfilecheck Info: Checksums for `hboomain.brf':
(rerunfilecheck)             Before: 0C1DD77986BD9806919F183C3A2C1203;1231
(rerunfilecheck)             After:  D9C777053375835EAD558D00F6237B97;1233.

LaTeX Warning: Label(s) may have changed. Rerun to get cross-references right.

Package atveryend Info: Empty hook `AtVeryVeryEnd' on input line 80.
 ) 
Here is how much of TeX's memory you used:
 7780 strings out of 493109
 106867 string characters out of 6140856
 289168 words of memory out of 5000000
 10528 multiletter control sequences out of 15000+600000
 33455 words of font info for 69 fonts, out of 8000000 for 9000
 1141 hyphenation exceptions out of 8191
 32i,10n,33p,345b,545s stack positions out of 5000i,500n,10000p,200000b,80000s
pdfTeX warning (dest): name{equation.7.20} has been referenced but does not e
xist, replaced by a fixed one

pdfTeX warning (dest): name{equation.7.22} has been referenced but does not exi
st, replaced by a fixed one

pdfTeX warning (dest): name{equation.7.19} has been referenced but does not exi
st, replaced by a fixed one

pdfTeX warning (dest): name{equation.7.17} has been referenced but does not exi
st, replaced by a fixed one

pdfTeX warning (dest): name{equation.7.12} has been referenced but does not exi
st, replaced by a fixed one

pdfTeX warning (dest): name{equation.7.10} has been referenced but does not exi
st, replaced by a fixed one

pdfTeX warning (dest): name{equation.7.15} has been referenced but does not exi
st, replaced by a fixed one

pdfTeX warning (dest): name{equation.7.14} has been referenced but does not exi
st, replaced by a fixed one

pdfTeX warning (dest): name{equation.7.13} has been referenced but does not exi
st, replaced by a fixed one

pdfTeX warning (dest): name{equation.7.11} has been referenced but does not exi
st, replaced by a fixed one

pdfTeX warning (dest): name{equation.7.8} has been referenced but does not exis
t, replaced by a fixed one

pdfTeX warning (dest): name{equation.7.9} has been referenced but does not exis
t, replaced by a fixed one

pdfTeX warning (dest): name{equation.7.3} has been referenced but does not exis
t, replaced by a fixed one

pdfTeX warning (dest): name{equation.7.4} has been referenced but does not exis
t, replaced by a fixed one

pdfTeX warning (dest): name{equation.7.1} has been referenced but does not exis
t, replaced by a fixed one

{/usr/share/texmf-dist/fonts/enc/dvips/base/8r.enc}</usr/share/texmf-dist/fonts
/type1/public/amsfonts/cm/cmex10.pfb></usr/share/texmf-dist/fonts/type1/public/
amsfonts/cm/cmmi10.pfb></usr/share/texmf-dist/fonts/type1/public/amsfonts/cm/cm
mi6.pfb></usr/share/texmf-dist/fonts/type1/public/amsfonts/cm/cmmi8.pfb></usr/s
hare/texmf-dist/fonts/type1/public/amsfonts/cm/cmr10.pfb></usr/share/texmf-dist
/fonts/type1/public/amsfonts/cm/cmr8.pfb></usr/share/texmf-dist/fonts/type1/pub
lic/amsfonts/cm/cmsy10.pfb></usr/share/texmf-dist/fonts/type1/public/amsfonts/c
m/cmsy8.pfb></usr/share/texmf-dist/fonts/type1/public/amsfonts/cm/cmtt10.pfb></
usr/share/texmf-dist/fonts/type1/public/amsfonts/cm/cmtt12.pfb></usr/share/texm
f-dist/fonts/type1/public/amsfonts/cm/cmtt8.pfb></usr/share/texmf-dist/fonts/ty
pe1/public/amsfonts/cm/cmtt9.pfb></usr/share/texmf-dist/fonts/type1/urw/courier
/ucrr8a.pfb></usr/share/texmf-dist/fonts/type1/urw/times/utmb8a.pfb></usr/share
/texmf-dist/fonts/type1/urw/times/utmr8a.pfb></usr/share/texmf-dist/fonts/type1
/urw/times/utmri8a.pfb>
Output written on hboomain.pdf (180 pages, 983214 bytes).
PDF statistics:
 2060 PDF objects out of 2073 (max. 8388607)
 1836 compressed objects within 19 object streams
 489 named destinations out of 1000 (max. 500000)
 954 words of extra memory for PDF output out of 10000 (max. 10000000)

