\BOOKMARK [0][-]{chapter.1}{Introduction}{}% 1
\BOOKMARK [1][-]{section.1.1}{Data processing flow in particle experiments}{chapter.1}% 2
\BOOKMARK [1][-]{section.1.2}{HBOOK and its output options}{chapter.1}% 3
\BOOKMARK [1][-]{section.1.3}{What you should know before you start}{chapter.1}% 4
\BOOKMARK [2][-]{subsection.1.3.1}{HBOOK parameter conventions}{section.1.3}% 5
\BOOKMARK [1][-]{section.1.4}{A basic example}{chapter.1}% 6
\BOOKMARK [1][-]{section.1.5}{HBOOK batch as the first step of the analysis}{chapter.1}% 7
\BOOKMARK [2][-]{subsection.1.5.1}{Adding some data to the RZ file}{section.1.5}% 8
\BOOKMARK [1][-]{section.1.6}{HPLOT interface for high quality graphics}{chapter.1}% 9
\BOOKMARK [0][-]{chapter.2}{One and two dimensional histograms \205 Basics}{}% 10
\BOOKMARK [1][-]{section.2.1}{Booking}{chapter.2}% 11
\BOOKMARK [2][-]{subsection.2.1.1}{One-dimensional case}{section.2.1}% 12
\BOOKMARK [2][-]{subsection.2.1.2}{Two-dimensional case}{section.2.1}% 13
\BOOKMARK [1][-]{section.2.2}{Filling}{chapter.2}% 14
\BOOKMARK [1][-]{section.2.3}{Editing}{chapter.2}% 15
\BOOKMARK [1][-]{section.2.4}{Copy, rename, reset and delete}{chapter.2}% 16
\BOOKMARK [0][-]{chapter.3}{Ntuples}{}% 17
\BOOKMARK [1][-]{section.3.1}{CWN and RWN \205 Two kinds of Ntuples}{chapter.3}% 18
\BOOKMARK [1][-]{section.3.2}{Row-Wise-Ntuples \(RWN\)}{chapter.3}% 19
\BOOKMARK [2][-]{subsection.3.2.1}{Booking a RWN}{section.3.2}% 20
\BOOKMARK [2][-]{subsection.3.2.2}{Filling a RWN}{section.3.2}% 21
\BOOKMARK [1][-]{section.3.3}{More general Ntuples: Column-Wise-Ntuples \(CWN\)}{chapter.3}% 22
\BOOKMARK [2][-]{subsection.3.3.1}{Booking a CWN}{section.3.3}% 23
\BOOKMARK [2][-]{subsection.3.3.2}{Describing the columns of a CWN}{section.3.3}% 24
\BOOKMARK [2][-]{subsection.3.3.3}{Creating CHFORM dynamically}{section.3.3}% 25
\BOOKMARK [2][-]{subsection.3.3.4}{Filling a CWN}{section.3.3}% 26
\BOOKMARK [1][-]{section.3.4}{Making projections of a RWN}{chapter.3}% 27
\BOOKMARK [1][-]{section.3.5}{Get information about an Ntuple}{chapter.3}% 28
\BOOKMARK [2][-]{subsection.3.5.1}{Retrieve the contents of a RWN into an array}{section.3.5}% 29
\BOOKMARK [2][-]{subsection.3.5.2}{Retrieve the contents of a CWN into a common block}{section.3.5}% 30
\BOOKMARK [2][-]{subsection.3.5.3}{Generate a user function}{section.3.5}% 31
\BOOKMARK [2][-]{subsection.3.5.4}{Optimizing event loops}{section.3.5}% 32
\BOOKMARK [1][-]{section.3.6}{Ntuple operations}{chapter.3}% 33
\BOOKMARK [1][-]{section.3.7}{Ntuple examples}{chapter.3}% 34
\BOOKMARK [0][-]{chapter.4}{Advanced features for booking and editing operations}{}% 35
\BOOKMARK [1][-]{section.4.1}{Overview of booking options}{chapter.4}% 36
\BOOKMARK [2][-]{subsection.4.1.1}{Histograms with non-equidistant bins}{section.4.1}% 37
\BOOKMARK [2][-]{subsection.4.1.2}{Profile histograms}{section.4.1}% 38
\BOOKMARK [2][-]{subsection.4.1.3}{Rounding}{section.4.1}% 39
\BOOKMARK [2][-]{subsection.4.1.4}{Projections, Slices, Bands}{section.4.1}% 40
\BOOKMARK [2][-]{subsection.4.1.5}{Statistics}{section.4.1}% 41
\BOOKMARK [2][-]{subsection.4.1.6}{Function Representation}{section.4.1}% 42
\BOOKMARK [2][-]{subsection.4.1.7}{Reserve array in memory}{section.4.1}% 43
\BOOKMARK [2][-]{subsection.4.1.8}{Axis labels and histograms}{section.4.1}% 44
\BOOKMARK [1][-]{section.4.2}{Filling Operations}{chapter.4}% 45
\BOOKMARK [2][-]{subsection.4.2.1}{Fast Filling Entries}{section.4.2}% 46
\BOOKMARK [2][-]{subsection.4.2.2}{Global Filling}{section.4.2}% 47
\BOOKMARK [2][-]{subsection.4.2.3}{Filling histograms using character variables}{section.4.2}% 48
\BOOKMARK [1][-]{section.4.3}{Editing operations}{chapter.4}% 49
\BOOKMARK [2][-]{subsection.4.3.1}{Index and General Title}{section.4.3}% 50
\BOOKMARK [2][-]{subsection.4.3.2}{What to Print \(1-dimensional histogram\)}{section.4.3}% 51
\BOOKMARK [2][-]{subsection.4.3.3}{Graphic Choices \(1-dimensional histogram\)}{section.4.3}% 52
\BOOKMARK [2][-]{subsection.4.3.4}{Scale Definition and Normalization}{section.4.3}% 53
\BOOKMARK [2][-]{subsection.4.3.5}{Page Control}{section.4.3}% 54
\BOOKMARK [2][-]{subsection.4.3.6}{Selective Editing}{section.4.3}% 55
\BOOKMARK [2][-]{subsection.4.3.7}{Printing after System Error Recovery}{section.4.3}% 56
\BOOKMARK [2][-]{subsection.4.3.8}{Changing Logical unit numbers for output and message files}{section.4.3}% 57
\BOOKMARK [0][-]{chapter.5}{Accessing Information}{}% 58
\BOOKMARK [1][-]{section.5.1}{Testing if a histogram exists in memory}{chapter.5}% 59
\BOOKMARK [1][-]{section.5.2}{Testing if a ntuple is a RWN or a CWN}{chapter.5}% 60
\BOOKMARK [1][-]{section.5.3}{List of histograms}{chapter.5}% 61
\BOOKMARK [1][-]{section.5.4}{Number of entries}{chapter.5}% 62
\BOOKMARK [1][-]{section.5.5}{Histrogram attributes Contents}{chapter.5}% 63
\BOOKMARK [1][-]{section.5.6}{Contents}{chapter.5}% 64
\BOOKMARK [1][-]{section.5.7}{Errors}{chapter.5}% 65
\BOOKMARK [1][-]{section.5.8}{Associated function}{chapter.5}% 66
\BOOKMARK [1][-]{section.5.9}{Abscissa to channel number}{chapter.5}% 67
\BOOKMARK [1][-]{section.5.10}{Maximum and Minimum}{chapter.5}% 68
\BOOKMARK [1][-]{section.5.11}{Rebinning}{chapter.5}% 69
\BOOKMARK [1][-]{section.5.12}{Integrated contents}{chapter.5}% 70
\BOOKMARK [1][-]{section.5.13}{Histogram definition}{chapter.5}% 71
\BOOKMARK [1][-]{section.5.14}{Statistics}{chapter.5}% 72
\BOOKMARK [0][-]{chapter.6}{Operations on Histograms}{}% 73
\BOOKMARK [1][-]{section.6.1}{Arithmetic Operations}{chapter.6}% 74
\BOOKMARK [1][-]{section.6.2}{Statistical differences between histograms}{chapter.6}% 75
\BOOKMARK [2][-]{subsection.6.2.1}{Weights and Saturation}{section.6.2}% 76
\BOOKMARK [2][-]{subsection.6.2.2}{Statistical Considerations}{section.6.2}% 77
\BOOKMARK [1][-]{section.6.3}{Bin by bin histogram comparisons}{chapter.6}% 78
\BOOKMARK [2][-]{subsection.6.3.1}{Choice of `\04412`\04612`\04312`12`\13712`\04512`12TOL:}{section.6.3}% 79
\BOOKMARK [0][-]{chapter.7}{Fitting, parameterization and smoothing}{}% 80
\BOOKMARK [1][-]{section.7.1}{Fitting}{chapter.7}% 81
\BOOKMARK [2][-]{subsection.7.1.1}{One and two-dimensional distributions}{section.7.1}% 82
\BOOKMARK [2][-]{subsection.7.1.2}{Fitting one-dimensional histograms with special functions}{section.7.1}% 83
\BOOKMARK [2][-]{subsection.7.1.3}{Fitting one or multi-demensional arrays}{section.7.1}% 84
\BOOKMARK [2][-]{subsection.7.1.4}{Results of the fit}{section.7.1}% 85
\BOOKMARK [2][-]{subsection.7.1.5}{The user parametric function}{section.7.1}% 86
\BOOKMARK [1][-]{section.7.2}{Basic concepts of MINUIT}{chapter.7}% 87
\BOOKMARK [2][-]{subsection.7.2.1}{Basic concepts - The transformation for parameters with limits.}{section.7.2}% 88
\BOOKMARK [2][-]{subsection.7.2.2}{How to get the right answer from MINUIT}{section.7.2}% 89
\BOOKMARK [2][-]{subsection.7.2.3}{Interpretation of Parameter Errors:}{section.7.2}% 90
\BOOKMARK [2][-]{subsection.7.2.4}{MINUIT interactive mode}{section.7.2}% 91
\BOOKMARK [1][-]{section.7.3}{Deprecated fitting routines}{chapter.7}% 92
\BOOKMARK [1][-]{section.7.4}{Parametrization}{chapter.7}% 93
\BOOKMARK [1][-]{section.7.5}{Smoothing}{chapter.7}% 94
\BOOKMARK [1][-]{section.7.6}{Random Number Generation}{chapter.7}% 95
\BOOKMARK [1][-]{section.7.7}{Fitting with finite Monte Carlo statistics}{chapter.7}% 96
\BOOKMARK [2][-]{subsection.7.7.1}{Example of fits}{section.7.7}% 97
\BOOKMARK [0][-]{chapter.8}{Memory Management and input/output Routines}{}% 98
\BOOKMARK [1][-]{section.8.1}{Memory usage and ZEBRA}{chapter.8}% 99
\BOOKMARK [2][-]{subsection.8.1.1}{The use of ZEBRA}{section.8.1}% 100
\BOOKMARK [1][-]{section.8.2}{Memory size control}{chapter.8}% 101
\BOOKMARK [2][-]{subsection.8.2.1}{Space requirements}{section.8.2}% 102
\BOOKMARK [1][-]{section.8.3}{Directories}{chapter.8}% 103
\BOOKMARK [1][-]{section.8.4}{Input/Output Routines}{chapter.8}% 104
\BOOKMARK [1][-]{section.8.5}{Exchange of histograms between different machines}{chapter.8}% 105
\BOOKMARK [1][-]{section.8.6}{RZ directories and HBOOK files}{chapter.8}% 106
\BOOKMARK [0][-]{chapter.9}{Global sections and shared memory}{}% 107
\BOOKMARK [1][-]{section.9.1}{Sharing histograms in memory on remote machines}{chapter.9}% 108
\BOOKMARK [2][-]{subsection.9.1.1}{Memory communication}{section.9.1}% 109
\BOOKMARK [1][-]{section.9.2}{Mapping global sections on VMS}{chapter.9}% 110
\BOOKMARK [2][-]{subsection.9.2.1}{Using PAW as a presenter on VMS systems \(global section\)}{section.9.2}% 111
\BOOKMARK [1][-]{section.9.3}{Windows and Unix \(Sun and DecStation only!\) shared memory}{chapter.9}% 112
\BOOKMARK [2][-]{subsection.9.3.1}{Using PAW and Unix shared memory \(Sun and DecStation only\)}{section.9.3}% 113
\BOOKMARK [1][-]{section.9.4}{Access to remote files from a PAW session}{chapter.9}% 114
\BOOKMARK [1][-]{section.9.5}{Using PAW as a presenter on OS9 systems}{chapter.9}% 115
\BOOKMARK [0][-]{chapter.10}{HBOOK Tabular Overview}{}% 116
